{"/home/travis/build/npmtest/node-npmtest-now/test.js":{"path":"/home/travis/build/npmtest/node-npmtest-now/test.js","s":{"1":2,"2":2,"3":2,"4":2,"5":2,"6":2,"7":2,"8":1,"9":2,"10":2,"11":1,"12":1,"13":1,"14":1,"15":2,"16":2,"17":2,"18":2,"19":1,"20":1,"21":2,"22":2,"23":2,"24":1,"25":1,"26":1,"27":1,"28":1,"29":1,"30":1,"31":1,"32":1,"33":1,"34":1,"35":1,"36":1,"37":1,"38":1,"39":2,"40":2,"41":1,"42":2,"43":2,"44":1,"45":2,"46":2,"47":1,"48":2,"49":2,"50":1,"51":1,"52":1,"53":1,"54":1},"b":{"1":[2,1,1,1],"2":[1,1,1,1],"3":[1,1],"4":[1,1],"5":[1,1],"6":[1,1],"7":[1,1],"8":[1,1],"9":[1,1],"10":[1,1,1],"11":[1,1],"12":[1,1],"13":[1,1],"14":[1,1],"15":[1,1],"16":[1,1],"17":[1,1]},"f":{"1":2,"2":2,"3":2,"4":2,"5":2,"6":1,"7":1,"8":1,"9":2,"10":2,"11":2,"12":2,"13":1},"fnMap":{"1":{"name":"(anonymous_1)","line":12,"loc":{"start":{"line":12,"column":1},"end":{"line":12,"column":13}}},"2":{"name":"(anonymous_2)","line":19,"loc":{"start":{"line":19,"column":5},"end":{"line":19,"column":17}}},"3":{"name":"(anonymous_3)","line":23,"loc":{"start":{"line":23,"column":24},"end":{"line":23,"column":36}}},"4":{"name":"(anonymous_4)","line":61,"loc":{"start":{"line":61,"column":5},"end":{"line":61,"column":17}}},"5":{"name":"(anonymous_5)","line":82,"loc":{"start":{"line":82,"column":5},"end":{"line":82,"column":17}}},"6":{"name":"(anonymous_6)","line":91,"loc":{"start":{"line":91,"column":77},"end":{"line":94,"column":10}}},"7":{"name":"(anonymous_7)","line":112,"loc":{"start":{"line":112,"column":83},"end":{"line":115,"column":10}},"skip":true},"8":{"name":"(anonymous_8)","line":123,"loc":{"start":{"line":123,"column":77},"end":{"line":126,"column":10}},"skip":true},"9":{"name":"(anonymous_9)","line":139,"loc":{"start":{"line":139,"column":12},"end":{"line":139,"column":40}},"skip":true},"10":{"name":"(anonymous_10)","line":147,"loc":{"start":{"line":147,"column":77},"end":{"line":150,"column":10}},"skip":true},"11":{"name":"(anonymous_11)","line":158,"loc":{"start":{"line":158,"column":83},"end":{"line":161,"column":10}},"skip":true},"12":{"name":"(anonymous_12)","line":169,"loc":{"start":{"line":169,"column":79},"end":{"line":172,"column":10}},"skip":true},"13":{"name":"(anonymous_13)","line":180,"loc":{"start":{"line":180,"column":75},"end":{"line":183,"column":10}},"skip":true}},"statementMap":{"1":{"start":{"line":12,"column":0},"end":{"line":195,"column":5}},"2":{"start":{"line":14,"column":4},"end":{"line":14,"column":14}},"3":{"start":{"line":19,"column":4},"end":{"line":56,"column":9}},"4":{"start":{"line":21,"column":8},"end":{"line":21,"column":19}},"5":{"start":{"line":23,"column":8},"end":{"line":35,"column":13}},"6":{"start":{"line":24,"column":12},"end":{"line":34,"column":13}},"7":{"start":{"line":25,"column":16},"end":{"line":28,"column":30}},"8":{"start":{"line":30,"column":16},"end":{"line":33,"column":27}},"9":{"start":{"line":37,"column":8},"end":{"line":39,"column":21}},"10":{"start":{"line":40,"column":8},"end":{"line":53,"column":9}},"11":{"start":{"line":43,"column":12},"end":{"line":46,"column":14}},"12":{"start":{"line":47,"column":12},"end":{"line":47,"column":18}},"13":{"start":{"line":50,"column":12},"end":{"line":51,"column":33}},"14":{"start":{"line":52,"column":12},"end":{"line":52,"column":18}},"15":{"start":{"line":55,"column":8},"end":{"line":55,"column":35}},"16":{"start":{"line":61,"column":4},"end":{"line":63,"column":9}},"17":{"start":{"line":62,"column":8},"end":{"line":62,"column":15}},"18":{"start":{"line":64,"column":4},"end":{"line":77,"column":5}},"19":{"start":{"line":70,"column":8},"end":{"line":70,"column":14}},"20":{"start":{"line":76,"column":8},"end":{"line":76,"column":14}},"21":{"start":{"line":82,"column":4},"end":{"line":84,"column":9}},"22":{"start":{"line":83,"column":8},"end":{"line":83,"column":15}},"23":{"start":{"line":85,"column":4},"end":{"line":194,"column":5}},"24":{"start":{"line":91,"column":8},"end":{"line":99,"column":10}},"25":{"start":{"line":98,"column":12},"end":{"line":98,"column":35}},"26":{"start":{"line":102,"column":8},"end":{"line":104,"column":63}},"27":{"start":{"line":105,"column":8},"end":{"line":105,"column":14}},"28":{"start":{"line":112,"column":8},"end":{"line":121,"column":10},"skip":true},"29":{"start":{"line":119,"column":12},"end":{"line":119,"column":55},"skip":true},"30":{"start":{"line":120,"column":12},"end":{"line":120,"column":48},"skip":true},"31":{"start":{"line":123,"column":8},"end":{"line":136,"column":10},"skip":true},"32":{"start":{"line":130,"column":12},"end":{"line":130,"column":76},"skip":true},"33":{"start":{"line":131,"column":12},"end":{"line":131,"column":73},"skip":true},"34":{"start":{"line":132,"column":12},"end":{"line":132,"column":74},"skip":true},"35":{"start":{"line":133,"column":12},"end":{"line":133,"column":79},"skip":true},"36":{"start":{"line":134,"column":12},"end":{"line":134,"column":25},"skip":true},"37":{"start":{"line":135,"column":12},"end":{"line":135,"column":45},"skip":true},"38":{"start":{"line":138,"column":8},"end":{"line":145,"column":14},"skip":true},"39":{"start":{"line":143,"column":16},"end":{"line":143,"column":29},"skip":true},"40":{"start":{"line":144,"column":16},"end":{"line":144,"column":55},"skip":true},"41":{"start":{"line":147,"column":8},"end":{"line":156,"column":10},"skip":true},"42":{"start":{"line":154,"column":12},"end":{"line":154,"column":25},"skip":true},"43":{"start":{"line":155,"column":12},"end":{"line":155,"column":45},"skip":true},"44":{"start":{"line":158,"column":8},"end":{"line":167,"column":10},"skip":true},"45":{"start":{"line":165,"column":12},"end":{"line":165,"column":25},"skip":true},"46":{"start":{"line":166,"column":12},"end":{"line":166,"column":48},"skip":true},"47":{"start":{"line":169,"column":8},"end":{"line":178,"column":10},"skip":true},"48":{"start":{"line":176,"column":12},"end":{"line":176,"column":25},"skip":true},"49":{"start":{"line":177,"column":12},"end":{"line":177,"column":46},"skip":true},"50":{"start":{"line":180,"column":8},"end":{"line":189,"column":10},"skip":true},"51":{"start":{"line":187,"column":12},"end":{"line":187,"column":94},"skip":true},"52":{"start":{"line":188,"column":12},"end":{"line":188,"column":48},"skip":true},"53":{"start":{"line":192,"column":8},"end":{"line":192,"column":35},"skip":true},"54":{"start":{"line":193,"column":8},"end":{"line":193,"column":14},"skip":true}},"branchMap":{"1":{"line":25,"type":"binary-expr","locations":[{"start":{"line":25,"column":23},"end":{"line":25,"column":62}},{"start":{"line":26,"column":20},"end":{"line":26,"column":70}},{"start":{"line":27,"column":20},"end":{"line":27,"column":71}},{"start":{"line":28,"column":20},"end":{"line":28,"column":29}}]},"2":{"line":30,"type":"binary-expr","locations":[{"start":{"line":30,"column":23},"end":{"line":30,"column":37}},{"start":{"line":31,"column":20},"end":{"line":31,"column":61}},{"start":{"line":32,"column":20},"end":{"line":32,"column":70}},{"start":{"line":33,"column":20},"end":{"line":33,"column":26}}]},"3":{"line":37,"type":"cond-expr","locations":[{"start":{"line":38,"column":14},"end":{"line":38,"column":20}},{"start":{"line":39,"column":14},"end":{"line":39,"column":20}}]},"4":{"line":40,"type":"switch","locations":[{"start":{"line":42,"column":8},"end":{"line":47,"column":18}},{"start":{"line":49,"column":8},"end":{"line":52,"column":18}}]},"5":{"line":44,"type":"binary-expr","locations":[{"start":{"line":44,"column":16},"end":{"line":44,"column":44}},{"start":{"line":44,"column":48},"end":{"line":44,"column":66}}]},"6":{"line":50,"type":"binary-expr","locations":[{"start":{"line":50,"column":21},"end":{"line":50,"column":49}},{"start":{"line":50,"column":53},"end":{"line":50,"column":72}}]},"7":{"line":64,"type":"switch","locations":[{"start":{"line":69,"column":4},"end":{"line":70,"column":14}},{"start":{"line":75,"column":4},"end":{"line":76,"column":14}}]},"8":{"line":85,"type":"switch","locations":[{"start":{"line":90,"column":4},"end":{"line":105,"column":14}},{"start":{"line":111,"column":4},"end":{"line":193,"column":14},"skip":true}]},"9":{"line":91,"type":"binary-expr","locations":[{"start":{"line":91,"column":42},"end":{"line":91,"column":73}},{"start":{"line":91,"column":77},"end":{"line":99,"column":9}}]},"10":{"line":102,"type":"binary-expr","locations":[{"start":{"line":102,"column":18},"end":{"line":102,"column":32}},{"start":{"line":103,"column":12},"end":{"line":103,"column":53}},{"start":{"line":104,"column":12},"end":{"line":104,"column":61}}]},"11":{"line":112,"type":"binary-expr","locations":[{"start":{"line":112,"column":45},"end":{"line":112,"column":79},"skip":true},{"start":{"line":112,"column":83},"end":{"line":121,"column":9},"skip":true}]},"12":{"line":123,"type":"binary-expr","locations":[{"start":{"line":123,"column":42},"end":{"line":123,"column":73},"skip":true},{"start":{"line":123,"column":77},"end":{"line":136,"column":9},"skip":true}]},"13":{"line":138,"type":"binary-expr","locations":[{"start":{"line":138,"column":48},"end":{"line":138,"column":85},"skip":true},{"start":{"line":139,"column":12},"end":{"line":145,"column":13},"skip":true}]},"14":{"line":147,"type":"binary-expr","locations":[{"start":{"line":147,"column":42},"end":{"line":147,"column":73},"skip":true},{"start":{"line":147,"column":77},"end":{"line":156,"column":9},"skip":true}]},"15":{"line":158,"type":"binary-expr","locations":[{"start":{"line":158,"column":45},"end":{"line":158,"column":79},"skip":true},{"start":{"line":158,"column":83},"end":{"line":167,"column":9},"skip":true}]},"16":{"line":169,"type":"binary-expr","locations":[{"start":{"line":169,"column":43},"end":{"line":169,"column":75},"skip":true},{"start":{"line":169,"column":79},"end":{"line":178,"column":9},"skip":true}]},"17":{"line":180,"type":"binary-expr","locations":[{"start":{"line":180,"column":41},"end":{"line":180,"column":71},"skip":true},{"start":{"line":180,"column":75},"end":{"line":189,"column":9},"skip":true}]}},"code":["/* istanbul instrument in package npmtest_now */","/*jslint","    bitwise: true,","    browser: true,","    maxerr: 8,","    maxlen: 96,","    node: true,","    nomen: true,","    regexp: true,","    stupid: true","*/","(function () {","    'use strict';","    var local;","","","","    // run shared js-env code - pre-init","    (function () {","        // init local","        local = {};","        // init modeJs","        local.modeJs = (function () {","            try {","                return typeof navigator.userAgent === 'string' &&","                    typeof document.querySelector('body') === 'object' &&","                    typeof XMLHttpRequest.prototype.open === 'function' &&","                    'browser';","            } catch (errorCaughtBrowser) {","                return module.exports &&","                    typeof process.versions.node === 'string' &&","                    typeof require('http').createServer === 'function' &&","                    'node';","            }","        }());","        // init global","        local.global = local.modeJs === 'browser'","            ? window","            : global;","        switch (local.modeJs) {","        // re-init local from window.local","        case 'browser':","            local = local.global.utility2.objectSetDefault(","                local.global.utility2_rollup || local.global.local,","                local.global.utility2","            );","            break;","        // re-init local from example.js","        case 'node':","            local = (local.global.utility2_rollup || require('utility2'))","                .requireReadme();","            break;","        }","        // export local","        local.global.local = local;","    }());","","","","    // run shared js-env code - function","    (function () {","        return;","    }());","    switch (local.modeJs) {","","","","    // run browser js-env code - function","    case 'browser':","        break;","","","","    // run node js-env code - function","    case 'node':","        break;","    }","","","","    // run shared js-env code - post-init","    (function () {","        return;","    }());","    switch (local.modeJs) {","","","","    // run browser js-env code - post-init","    case 'browser':","        local.testCase_browser_nullCase = local.testCase_browser_nullCase || function (","            options,","            onError","        ) {","        /*","         * this function will test browsers's null-case handling-behavior-behavior","         */","            onError(null, options);","        };","","        // run tests","        local.nop(local.modeTest &&","            document.querySelector('#testRunButton1') &&","            document.querySelector('#testRunButton1').click());","        break;","","","","    // run node js-env code - post-init","    /* istanbul ignore next */","    case 'node':","        local.testCase_buildApidoc_default = local.testCase_buildApidoc_default || function (","            options,","            onError","        ) {","        /*","         * this function will test buildApidoc's default handling-behavior-behavior","         */","            options = { modulePathList: module.paths };","            local.buildApidoc(options, onError);","        };","","        local.testCase_buildApp_default = local.testCase_buildApp_default || function (","            options,","            onError","        ) {","        /*","         * this function will test buildApp's default handling-behavior-behavior","         */","            local.testCase_buildReadme_default(options, local.onErrorThrow);","            local.testCase_buildLib_default(options, local.onErrorThrow);","            local.testCase_buildTest_default(options, local.onErrorThrow);","            local.testCase_buildCustomOrg_default(options, local.onErrorThrow);","            options = [];","            local.buildApp(options, onError);","        };","","        local.testCase_buildCustomOrg_default = local.testCase_buildCustomOrg_default ||","            function (options, onError) {","            /*","             * this function will test buildCustomOrg's default handling-behavior","             */","                options = {};","                local.buildCustomOrg(options, onError);","            };","","        local.testCase_buildLib_default = local.testCase_buildLib_default || function (","            options,","            onError","        ) {","        /*","         * this function will test buildLib's default handling-behavior","         */","            options = {};","            local.buildLib(options, onError);","        };","","        local.testCase_buildReadme_default = local.testCase_buildReadme_default || function (","            options,","            onError","        ) {","        /*","         * this function will test buildReadme's default handling-behavior-behavior","         */","            options = {};","            local.buildReadme(options, onError);","        };","","        local.testCase_buildTest_default = local.testCase_buildTest_default || function (","            options,","            onError","        ) {","        /*","         * this function will test buildTest's default handling-behavior","         */","            options = {};","            local.buildTest(options, onError);","        };","","        local.testCase_webpage_default = local.testCase_webpage_default || function (","            options,","            onError","        ) {","        /*","         * this function will test webpage's default handling-behavior","         */","            options = { modeCoverageMerge: true, url: local.serverLocalHost + '?modeTest=1' };","            local.browserTest(options, onError);","        };","","        // run test-server","        local.testRunServer(local);","        break;","    }","}());",""],"l":{"12":2,"14":2,"19":2,"21":2,"23":2,"24":2,"25":2,"30":1,"37":2,"40":2,"43":1,"47":1,"50":1,"52":1,"55":2,"61":2,"62":2,"64":2,"70":1,"76":1,"82":2,"83":2,"85":2,"91":1,"98":1,"102":1,"105":1,"112":1,"119":1,"120":1,"123":1,"130":1,"131":1,"132":1,"133":1,"134":1,"135":1,"138":1,"143":2,"144":2,"147":1,"154":2,"155":2,"158":1,"165":2,"166":2,"169":1,"176":2,"177":2,"180":1,"187":1,"188":1,"192":1,"193":1}},"/home/travis/build/npmtest/node-npmtest-now/lib.npmtest_now.js":{"path":"/home/travis/build/npmtest/node-npmtest-now/lib.npmtest_now.js","s":{"1":2,"2":2,"3":2,"4":2,"5":2,"6":2,"7":2,"8":1,"9":2,"10":2,"11":2,"12":2,"13":1,"14":1,"15":1,"16":1},"b":{"1":[2,1,1,1],"2":[1,1,1,1],"3":[1,1],"4":[2,2],"5":[1,1]},"f":{"1":2,"2":2,"3":2},"fnMap":{"1":{"name":"(anonymous_1)","line":12,"loc":{"start":{"line":12,"column":1},"end":{"line":12,"column":13}}},"2":{"name":"(anonymous_2)","line":19,"loc":{"start":{"line":19,"column":5},"end":{"line":19,"column":17}}},"3":{"name":"(anonymous_3)","line":23,"loc":{"start":{"line":23,"column":24},"end":{"line":23,"column":36}}}},"statementMap":{"1":{"start":{"line":12,"column":0},"end":{"line":53,"column":5}},"2":{"start":{"line":14,"column":4},"end":{"line":14,"column":14}},"3":{"start":{"line":19,"column":4},"end":{"line":52,"column":9}},"4":{"start":{"line":21,"column":8},"end":{"line":21,"column":19}},"5":{"start":{"line":23,"column":8},"end":{"line":35,"column":13}},"6":{"start":{"line":24,"column":12},"end":{"line":34,"column":13}},"7":{"start":{"line":25,"column":16},"end":{"line":28,"column":30}},"8":{"start":{"line":30,"column":16},"end":{"line":33,"column":27}},"9":{"start":{"line":37,"column":8},"end":{"line":39,"column":21}},"10":{"start":{"line":41,"column":8},"end":{"line":41,"column":54}},"11":{"start":{"line":43,"column":8},"end":{"line":43,"column":48}},"12":{"start":{"line":45,"column":8},"end":{"line":51,"column":9}},"13":{"start":{"line":46,"column":12},"end":{"line":46,"column":54}},"14":{"start":{"line":48,"column":12},"end":{"line":48,"column":35}},"15":{"start":{"line":49,"column":12},"end":{"line":49,"column":49}},"16":{"start":{"line":50,"column":12},"end":{"line":50,"column":43}}},"branchMap":{"1":{"line":25,"type":"binary-expr","locations":[{"start":{"line":25,"column":23},"end":{"line":25,"column":62}},{"start":{"line":26,"column":20},"end":{"line":26,"column":70}},{"start":{"line":27,"column":20},"end":{"line":27,"column":71}},{"start":{"line":28,"column":20},"end":{"line":28,"column":29}}]},"2":{"line":30,"type":"binary-expr","locations":[{"start":{"line":30,"column":23},"end":{"line":30,"column":37}},{"start":{"line":31,"column":20},"end":{"line":31,"column":61}},{"start":{"line":32,"column":20},"end":{"line":32,"column":70}},{"start":{"line":33,"column":20},"end":{"line":33,"column":26}}]},"3":{"line":37,"type":"cond-expr","locations":[{"start":{"line":38,"column":14},"end":{"line":38,"column":20}},{"start":{"line":39,"column":14},"end":{"line":39,"column":20}}]},"4":{"line":41,"type":"binary-expr","locations":[{"start":{"line":41,"column":16},"end":{"line":41,"column":44}},{"start":{"line":41,"column":48},"end":{"line":41,"column":53}}]},"5":{"line":45,"type":"if","locations":[{"start":{"line":45,"column":8},"end":{"line":45,"column":8}},{"start":{"line":45,"column":8},"end":{"line":45,"column":8}}]}},"code":["/* istanbul instrument in package npmtest_now */","/*jslint","    bitwise: true,","    browser: true,","    maxerr: 8,","    maxlen: 96,","    node: true,","    nomen: true,","    regexp: true,","    stupid: true","*/","(function () {","    'use strict';","    var local;","","","","    // run shared js-env code - pre-init","    (function () {","        // init local","        local = {};","        // init modeJs","        local.modeJs = (function () {","            try {","                return typeof navigator.userAgent === 'string' &&","                    typeof document.querySelector('body') === 'object' &&","                    typeof XMLHttpRequest.prototype.open === 'function' &&","                    'browser';","            } catch (errorCaughtBrowser) {","                return module.exports &&","                    typeof process.versions.node === 'string' &&","                    typeof require('http').createServer === 'function' &&","                    'node';","            }","        }());","        // init global","        local.global = local.modeJs === 'browser'","            ? window","            : global;","        // init utility2_rollup","        local = local.global.utility2_rollup || local;","        // init lib","        local.local = local.npmtest_now = local;","        // init exports","        if (local.modeJs === 'browser') {","            local.global.utility2_npmtest_now = local;","        } else {","            module.exports = local;","            module.exports.__dirname = __dirname;","            module.exports.module = module;","        }","    }());","}());",""],"l":{"12":2,"14":2,"19":2,"21":2,"23":2,"24":2,"25":2,"30":1,"37":2,"41":2,"43":2,"45":2,"46":1,"48":1,"49":1,"50":1}},"/home/travis/build/npmtest/node-npmtest-now/example.js":{"path":"/home/travis/build/npmtest/node-npmtest-now/example.js","s":{"1":2,"2":2,"3":2,"4":2,"5":2,"6":2,"7":2,"8":1,"9":2,"10":2,"11":2,"12":2,"13":1,"14":2,"15":2,"16":2,"17":2,"18":2,"19":0,"20":2,"21":1,"22":1,"23":1,"24":1,"25":1,"26":0,"27":0,"28":1,"29":1,"30":2,"31":0,"32":0,"33":0,"34":1,"35":2,"36":2,"37":3,"38":3,"39":3,"40":3,"41":0,"42":3,"43":3,"44":3,"45":1,"46":3,"47":1,"48":1,"49":1,"50":1,"51":1,"52":1,"53":1,"54":1,"55":1,"56":1,"57":0,"58":1,"59":6,"60":6,"61":1,"62":2,"63":0,"64":2,"65":1,"66":1,"67":0,"68":0,"69":0,"70":0,"71":0,"72":0,"73":0,"74":0,"75":0,"76":0,"77":0,"78":0,"79":0,"80":0,"81":0,"82":0,"83":0},"b":{"1":[2,1,1,1],"2":[1,1,1,1],"3":[1,1],"4":[2,2],"5":[1,1],"6":[1,1],"7":[2,0],"8":[2,1,1,1,1,1],"9":[0,2,0],"10":[1,1],"11":[2,1,1],"12":[1,0],"13":[0,2],"14":[2,0,0,0,0,0,0],"15":[0,3],"16":[3,0],"17":[1,1],"18":[0,1],"19":[1,2,0,2],"20":[1,0],"21":[1,1],"22":[0,0],"23":[0,0],"24":[0,0],"25":[0,0],"26":[0,0],"27":[0,0],"28":[0,0]},"f":{"1":2,"2":2,"3":2,"4":2,"5":2,"6":2,"7":3,"8":3,"9":3,"10":1,"11":6,"12":0},"fnMap":{"1":{"name":"(anonymous_1)","line":26,"loc":{"start":{"line":26,"column":1},"end":{"line":26,"column":13}}},"2":{"name":"(anonymous_2)","line":33,"loc":{"start":{"line":33,"column":5},"end":{"line":33,"column":17}}},"3":{"name":"(anonymous_3)","line":37,"loc":{"start":{"line":37,"column":24},"end":{"line":37,"column":36}}},"4":{"name":"(anonymous_4)","line":69,"loc":{"start":{"line":69,"column":31},"end":{"line":69,"column":48}},"skip":true},"5":{"name":"(anonymous_5)","line":78,"loc":{"start":{"line":78,"column":26},"end":{"line":78,"column":45}},"skip":true},"6":{"name":"(anonymous_6)","line":123,"loc":{"start":{"line":123,"column":33},"end":{"line":123,"column":48}},"skip":true},"7":{"name":"(anonymous_7)","line":125,"loc":{"start":{"line":125,"column":27},"end":{"line":125,"column":39}},"skip":true},"8":{"name":"(anonymous_8)","line":133,"loc":{"start":{"line":133,"column":59},"end":{"line":133,"column":74}},"skip":true},"9":{"name":"(anonymous_9)","line":143,"loc":{"start":{"line":143,"column":45},"end":{"line":143,"column":62}},"skip":true},"10":{"name":"(anonymous_10)","line":144,"loc":{"start":{"line":144,"column":73},"end":{"line":144,"column":92}},"skip":true},"11":{"name":"(anonymous_11)","line":272,"loc":{"start":{"line":272,"column":51},"end":{"line":272,"column":77}},"skip":true},"12":{"name":"(anonymous_12)","line":315,"loc":{"start":{"line":315,"column":32},"end":{"line":315,"column":61}},"skip":true}},"statementMap":{"1":{"start":{"line":26,"column":0},"end":{"line":326,"column":5}},"2":{"start":{"line":28,"column":4},"end":{"line":28,"column":14}},"3":{"start":{"line":33,"column":4},"end":{"line":60,"column":9}},"4":{"start":{"line":35,"column":8},"end":{"line":35,"column":19}},"5":{"start":{"line":37,"column":8},"end":{"line":49,"column":13}},"6":{"start":{"line":38,"column":12},"end":{"line":48,"column":13}},"7":{"start":{"line":39,"column":16},"end":{"line":42,"column":30}},"8":{"start":{"line":44,"column":16},"end":{"line":47,"column":27}},"9":{"start":{"line":51,"column":8},"end":{"line":53,"column":21}},"10":{"start":{"line":55,"column":8},"end":{"line":57,"column":45}},"11":{"start":{"line":59,"column":8},"end":{"line":59,"column":35}},"12":{"start":{"line":61,"column":4},"end":{"line":325,"column":5}},"13":{"start":{"line":69,"column":8},"end":{"line":121,"column":10},"skip":true},"14":{"start":{"line":70,"column":12},"end":{"line":88,"column":13},"skip":true},"15":{"start":{"line":76,"column":16},"end":{"line":87,"column":19},"skip":true},"16":{"start":{"line":79,"column":20},"end":{"line":86,"column":21},"skip":true},"17":{"start":{"line":82,"column":24},"end":{"line":82,"column":43},"skip":true},"18":{"start":{"line":83,"column":24},"end":{"line":83,"column":30},"skip":true},"19":{"start":{"line":85,"column":24},"end":{"line":85,"column":49},"skip":true},"20":{"start":{"line":89,"column":12},"end":{"line":107,"column":13},"skip":true},"21":{"start":{"line":92,"column":16},"end":{"line":102,"column":17},"skip":true},"22":{"start":{"line":93,"column":20},"end":{"line":93,"column":86},"skip":true},"23":{"start":{"line":94,"column":20},"end":{"line":95,"column":45},"skip":true},"24":{"start":{"line":96,"column":20},"end":{"line":96,"column":42},"skip":true},"25":{"start":{"line":97,"column":20},"end":{"line":97,"column":48},"skip":true},"26":{"start":{"line":100,"column":20},"end":{"line":100,"column":85},"skip":true},"27":{"start":{"line":101,"column":20},"end":{"line":101,"column":96},"skip":true},"28":{"start":{"line":103,"column":16},"end":{"line":103,"column":22},"skip":true},"29":{"start":{"line":106,"column":16},"end":{"line":106,"column":22},"skip":true},"30":{"start":{"line":108,"column":12},"end":{"line":120,"column":13},"skip":true},"31":{"start":{"line":114,"column":16},"end":{"line":119,"column":17},"skip":true},"32":{"start":{"line":116,"column":20},"end":{"line":116,"column":78},"skip":true},"33":{"start":{"line":118,"column":20},"end":{"line":118,"column":47},"skip":true},"34":{"start":{"line":123,"column":8},"end":{"line":141,"column":11},"skip":true},"35":{"start":{"line":124,"column":12},"end":{"line":124,"column":54},"skip":true},"36":{"start":{"line":125,"column":12},"end":{"line":140,"column":14},"skip":true},"37":{"start":{"line":126,"column":16},"end":{"line":126,"column":28},"skip":true},"38":{"start":{"line":127,"column":16},"end":{"line":127,"column":69},"skip":true},"39":{"start":{"line":128,"column":16},"end":{"line":128,"column":75},"skip":true},"40":{"start":{"line":129,"column":16},"end":{"line":131,"column":17},"skip":true},"41":{"start":{"line":130,"column":20},"end":{"line":130,"column":27},"skip":true},"42":{"start":{"line":133,"column":16},"end":{"line":137,"column":36},"skip":true},"43":{"start":{"line":134,"column":20},"end":{"line":136,"column":55},"skip":true},"44":{"start":{"line":139,"column":16},"end":{"line":139,"column":57},"skip":true},"45":{"start":{"line":143,"column":8},"end":{"line":147,"column":11},"skip":true},"46":{"start":{"line":144,"column":12},"end":{"line":146,"column":15},"skip":true},"47":{"start":{"line":145,"column":16},"end":{"line":145,"column":70},"skip":true},"48":{"start":{"line":149,"column":8},"end":{"line":149,"column":31},"skip":true},"49":{"start":{"line":150,"column":8},"end":{"line":150,"column":14},"skip":true},"50":{"start":{"line":158,"column":8},"end":{"line":158,"column":31},"skip":true},"51":{"start":{"line":160,"column":8},"end":{"line":160,"column":33},"skip":true},"52":{"start":{"line":161,"column":8},"end":{"line":161,"column":37},"skip":true},"53":{"start":{"line":162,"column":8},"end":{"line":162,"column":35},"skip":true},"54":{"start":{"line":164,"column":8},"end":{"line":164,"column":50},"skip":true},"55":{"start":{"line":166,"column":8},"end":{"line":256,"column":2},"skip":true},"56":{"start":{"line":258,"column":8},"end":{"line":286,"column":9},"skip":true},"57":{"start":{"line":259,"column":12},"end":{"line":269,"column":14},"skip":true},"58":{"start":{"line":271,"column":12},"end":{"line":285,"column":19},"skip":true},"59":{"start":{"line":274,"column":20},"end":{"line":274,"column":35},"skip":true},"60":{"start":{"line":275,"column":20},"end":{"line":284,"column":21},"skip":true},"61":{"start":{"line":277,"column":24},"end":{"line":277,"column":64},"skip":true},"62":{"start":{"line":279,"column":24},"end":{"line":279,"column":40},"skip":true},"63":{"start":{"line":281,"column":24},"end":{"line":281,"column":40},"skip":true},"64":{"start":{"line":283,"column":24},"end":{"line":283,"column":39},"skip":true},"65":{"start":{"line":288,"column":8},"end":{"line":290,"column":9},"skip":true},"66":{"start":{"line":289,"column":12},"end":{"line":289,"column":18},"skip":true},"67":{"start":{"line":291,"column":8},"end":{"line":293,"column":54},"skip":true},"68":{"start":{"line":296,"column":8},"end":{"line":301,"column":37},"skip":true},"69":{"start":{"line":303,"column":8},"end":{"line":303,"column":82},"skip":true},"70":{"start":{"line":306,"column":8},"end":{"line":308,"column":9},"skip":true},"71":{"start":{"line":307,"column":12},"end":{"line":307,"column":82},"skip":true},"72":{"start":{"line":310,"column":8},"end":{"line":312,"column":9},"skip":true},"73":{"start":{"line":311,"column":12},"end":{"line":311,"column":18},"skip":true},"74":{"start":{"line":313,"column":8},"end":{"line":313,"column":54},"skip":true},"75":{"start":{"line":314,"column":8},"end":{"line":314,"column":69},"skip":true},"76":{"start":{"line":315,"column":8},"end":{"line":323,"column":36},"skip":true},"77":{"start":{"line":316,"column":12},"end":{"line":316,"column":61},"skip":true},"78":{"start":{"line":317,"column":12},"end":{"line":320,"column":13},"skip":true},"79":{"start":{"line":318,"column":16},"end":{"line":318,"column":75},"skip":true},"80":{"start":{"line":319,"column":16},"end":{"line":319,"column":23},"skip":true},"81":{"start":{"line":321,"column":12},"end":{"line":321,"column":38},"skip":true},"82":{"start":{"line":322,"column":12},"end":{"line":322,"column":27},"skip":true},"83":{"start":{"line":324,"column":8},"end":{"line":324,"column":14},"skip":true}},"branchMap":{"1":{"line":39,"type":"binary-expr","locations":[{"start":{"line":39,"column":23},"end":{"line":39,"column":62}},{"start":{"line":40,"column":20},"end":{"line":40,"column":70}},{"start":{"line":41,"column":20},"end":{"line":41,"column":71}},{"start":{"line":42,"column":20},"end":{"line":42,"column":29}}]},"2":{"line":44,"type":"binary-expr","locations":[{"start":{"line":44,"column":23},"end":{"line":44,"column":37}},{"start":{"line":45,"column":20},"end":{"line":45,"column":61}},{"start":{"line":46,"column":20},"end":{"line":46,"column":70}},{"start":{"line":47,"column":20},"end":{"line":47,"column":26}}]},"3":{"line":51,"type":"cond-expr","locations":[{"start":{"line":52,"column":14},"end":{"line":52,"column":20}},{"start":{"line":53,"column":14},"end":{"line":53,"column":20}}]},"4":{"line":55,"type":"binary-expr","locations":[{"start":{"line":55,"column":16},"end":{"line":55,"column":44}},{"start":{"line":55,"column":49},"end":{"line":57,"column":43}}]},"5":{"line":55,"type":"cond-expr","locations":[{"start":{"line":56,"column":14},"end":{"line":56,"column":47}},{"start":{"line":57,"column":14},"end":{"line":57,"column":43}}]},"6":{"line":61,"type":"switch","locations":[{"start":{"line":68,"column":4},"end":{"line":150,"column":14},"skip":true},{"start":{"line":156,"column":4},"end":{"line":324,"column":14},"skip":true}]},"7":{"line":70,"type":"if","locations":[{"start":{"line":70,"column":12},"end":{"line":70,"column":12},"skip":true},{"start":{"line":70,"column":12},"end":{"line":70,"column":12},"skip":true}]},"8":{"line":70,"type":"binary-expr","locations":[{"start":{"line":70,"column":16},"end":{"line":70,"column":22},"skip":true},{"start":{"line":70,"column":27},"end":{"line":70,"column":32},"skip":true},{"start":{"line":71,"column":20},"end":{"line":71,"column":39},"skip":true},{"start":{"line":72,"column":20},"end":{"line":72,"column":49},"skip":true},{"start":{"line":73,"column":20},"end":{"line":73,"column":58},"skip":true},{"start":{"line":74,"column":20},"end":{"line":74,"column":69},"skip":true}]},"9":{"line":79,"type":"switch","locations":[{"start":{"line":80,"column":20},"end":{"line":80,"column":33},"skip":true},{"start":{"line":81,"column":20},"end":{"line":83,"column":30},"skip":true},{"start":{"line":84,"column":20},"end":{"line":85,"column":49},"skip":true}]},"10":{"line":89,"type":"switch","locations":[{"start":{"line":90,"column":12},"end":{"line":103,"column":22},"skip":true},{"start":{"line":105,"column":12},"end":{"line":106,"column":22},"skip":true}]},"11":{"line":89,"type":"binary-expr","locations":[{"start":{"line":89,"column":20},"end":{"line":89,"column":25},"skip":true},{"start":{"line":89,"column":29},"end":{"line":89,"column":48},"skip":true},{"start":{"line":89,"column":52},"end":{"line":89,"column":74},"skip":true}]},"12":{"line":92,"type":"if","locations":[{"start":{"line":92,"column":16},"end":{"line":92,"column":16},"skip":true},{"start":{"line":92,"column":16},"end":{"line":92,"column":16},"skip":true}]},"13":{"line":108,"type":"if","locations":[{"start":{"line":108,"column":12},"end":{"line":108,"column":12},"skip":true},{"start":{"line":108,"column":12},"end":{"line":108,"column":12},"skip":true}]},"14":{"line":108,"type":"binary-expr","locations":[{"start":{"line":108,"column":16},"end":{"line":108,"column":61},"skip":true},{"start":{"line":108,"column":66},"end":{"line":108,"column":72},"skip":true},{"start":{"line":108,"column":77},"end":{"line":108,"column":82},"skip":true},{"start":{"line":109,"column":20},"end":{"line":109,"column":39},"skip":true},{"start":{"line":110,"column":20},"end":{"line":110,"column":49},"skip":true},{"start":{"line":111,"column":20},"end":{"line":111,"column":58},"skip":true},{"start":{"line":112,"column":20},"end":{"line":112,"column":68},"skip":true}]},"15":{"line":129,"type":"if","locations":[{"start":{"line":129,"column":16},"end":{"line":129,"column":16},"skip":true},{"start":{"line":129,"column":16},"end":{"line":129,"column":16},"skip":true}]},"16":{"line":134,"type":"cond-expr","locations":[{"start":{"line":135,"column":26},"end":{"line":135,"column":29},"skip":true},{"start":{"line":136,"column":26},"end":{"line":136,"column":54},"skip":true}]},"17":{"line":164,"type":"binary-expr","locations":[{"start":{"line":164,"column":27},"end":{"line":164,"column":43},"skip":true},{"start":{"line":164,"column":47},"end":{"line":164,"column":49},"skip":true}]},"18":{"line":258,"type":"if","locations":[{"start":{"line":258,"column":8},"end":{"line":258,"column":8},"skip":true},{"start":{"line":258,"column":8},"end":{"line":258,"column":8},"skip":true}]},"19":{"line":275,"type":"switch","locations":[{"start":{"line":276,"column":20},"end":{"line":277,"column":64},"skip":true},{"start":{"line":278,"column":20},"end":{"line":279,"column":40},"skip":true},{"start":{"line":280,"column":20},"end":{"line":281,"column":40},"skip":true},{"start":{"line":282,"column":20},"end":{"line":283,"column":39},"skip":true}]},"20":{"line":288,"type":"if","locations":[{"start":{"line":288,"column":8},"end":{"line":288,"column":8},"skip":true},{"start":{"line":288,"column":8},"end":{"line":288,"column":8},"skip":true}]},"21":{"line":288,"type":"binary-expr","locations":[{"start":{"line":288,"column":12},"end":{"line":288,"column":40},"skip":true},{"start":{"line":288,"column":44},"end":{"line":288,"column":67},"skip":true}]},"22":{"line":292,"type":"binary-expr","locations":[{"start":{"line":292,"column":12},"end":{"line":292,"column":50},"skip":true},{"start":{"line":293,"column":12},"end":{"line":293,"column":53},"skip":true}]},"23":{"line":297,"type":"binary-expr","locations":[{"start":{"line":297,"column":12},"end":{"line":297,"column":61},"skip":true},{"start":{"line":298,"column":12},"end":{"line":301,"column":36},"skip":true}]},"24":{"line":303,"type":"binary-expr","locations":[{"start":{"line":303,"column":43},"end":{"line":303,"column":75},"skip":true},{"start":{"line":303,"column":79},"end":{"line":303,"column":81},"skip":true}]},"25":{"line":306,"type":"if","locations":[{"start":{"line":306,"column":8},"end":{"line":306,"column":8},"skip":true},{"start":{"line":306,"column":8},"end":{"line":306,"column":8},"skip":true}]},"26":{"line":310,"type":"if","locations":[{"start":{"line":310,"column":8},"end":{"line":310,"column":8},"skip":true},{"start":{"line":310,"column":8},"end":{"line":310,"column":8},"skip":true}]},"27":{"line":313,"type":"binary-expr","locations":[{"start":{"line":313,"column":27},"end":{"line":313,"column":43},"skip":true},{"start":{"line":313,"column":47},"end":{"line":313,"column":53},"skip":true}]},"28":{"line":317,"type":"if","locations":[{"start":{"line":317,"column":12},"end":{"line":317,"column":12},"skip":true},{"start":{"line":317,"column":12},"end":{"line":317,"column":12},"skip":true}]}},"code":["/*","example.js","","quickstart example","","instruction","    1. save this script as example.js","    2. run the shell command:","        $ npm install npmtest-now && PORT=8081 node example.js","    3. play with the browser-demo on http://127.0.0.1:8081","*/","","","","/* istanbul instrument in package npmtest_now */","/*jslint","    bitwise: true,","    browser: true,","    maxerr: 8,","    maxlen: 96,","    node: true,","    nomen: true,","    regexp: true,","    stupid: true","*/","(function () {","    'use strict';","    var local;","","","","    // run shared js-env code - pre-init","    (function () {","        // init local","        local = {};","        // init modeJs","        local.modeJs = (function () {","            try {","                return typeof navigator.userAgent === 'string' &&","                    typeof document.querySelector('body') === 'object' &&","                    typeof XMLHttpRequest.prototype.open === 'function' &&","                    'browser';","            } catch (errorCaughtBrowser) {","                return module.exports &&","                    typeof process.versions.node === 'string' &&","                    typeof require('http').createServer === 'function' &&","                    'node';","            }","        }());","        // init global","        local.global = local.modeJs === 'browser'","            ? window","            : global;","        // init utility2_rollup","        local = local.global.utility2_rollup || (local.modeJs === 'browser'","            ? local.global.utility2_npmtest_now","            : global.utility2_moduleExports);","        // export local","        local.global.local = local;","    }());","    switch (local.modeJs) {","","","","    // post-init","    // run browser js-env code - post-init","    /* istanbul ignore next */","    case 'browser':","        local.testRunBrowser = function (event) {","            if (!event || (event &&","                    event.currentTarget &&","                    event.currentTarget.className &&","                    event.currentTarget.className.includes &&","                    event.currentTarget.className.includes('onreset'))) {","                // reset output","                Array.from(","                    document.querySelectorAll('body > .resettable')","                ).forEach(function (element) {","                    switch (element.tagName) {","                    case 'INPUT':","                    case 'TEXTAREA':","                        element.value = '';","                        break;","                    default:","                        element.textContent = '';","                    }","                });","            }","            switch (event && event.currentTarget && event.currentTarget.id) {","            case 'testRunButton1':","                // show tests","                if (document.querySelector('#testReportDiv1').style.display === 'none') {","                    document.querySelector('#testReportDiv1').style.display = 'block';","                    document.querySelector('#testRunButton1').textContent =","                        'hide internal test';","                    local.modeTest = true;","                    local.testRunDefault(local);","                // hide tests","                } else {","                    document.querySelector('#testReportDiv1').style.display = 'none';","                    document.querySelector('#testRunButton1').textContent = 'run internal test';","                }","                break;","            // custom-case","            default:","                break;","            }","            if (document.querySelector('#inputTextareaEval1') && (!event || (event &&","                    event.currentTarget &&","                    event.currentTarget.className &&","                    event.currentTarget.className.includes &&","                    event.currentTarget.className.includes('oneval')))) {","                // try to eval input-code","                try {","                    /*jslint evil: true*/","                    eval(document.querySelector('#inputTextareaEval1').value);","                } catch (errorCaught) {","                    console.error(errorCaught);","                }","            }","        };","        // log stderr and stdout to #outputTextareaStdout1","        ['error', 'log'].forEach(function (key) {","            console[key + '_original'] = console[key];","            console[key] = function () {","                var element;","                console[key + '_original'].apply(console, arguments);","                element = document.querySelector('#outputTextareaStdout1');","                if (!element) {","                    return;","                }","                // append text to #outputTextareaStdout1","                element.value += Array.from(arguments).map(function (arg) {","                    return typeof arg === 'string'","                        ? arg","                        : JSON.stringify(arg, null, 4);","                }).join(' ') + '\\n';","                // scroll textarea to bottom","                element.scrollTop = element.scrollHeight;","            };","        });","        // init event-handling","        ['change', 'click', 'keyup'].forEach(function (event) {","            Array.from(document.querySelectorAll('.on' + event)).forEach(function (element) {","                element.addEventListener(event, local.testRunBrowser);","            });","        });","        // run tests","        local.testRunBrowser();","        break;","","","","    // run node js-env code - post-init","    /* istanbul ignore next */","    case 'node':","        // export local","        module.exports = local;","        // require modules","        local.fs = require('fs');","        local.http = require('http');","        local.url = require('url');","        // init assets","        local.assetsDict = local.assetsDict || {};","        /* jslint-ignore-begin */","        local.assetsDict['/assets.index.template.html'] = '\\","<!doctype html>\\n\\","<html lang=\"en\">\\n\\","<head>\\n\\","<meta charset=\"UTF-8\">\\n\\","<meta name=\"viewport\" content=\"width=device-width, initial-scale=1\">\\n\\","<title>{{env.npm_package_name}} (v{{env.npm_package_version}})</title>\\n\\","<style>\\n\\","/*csslint\\n\\","    box-sizing: false,\\n\\","    universal-selector: false\\n\\","*/\\n\\","* {\\n\\","    box-sizing: border-box;\\n\\","}\\n\\","body {\\n\\","    background: #dde;\\n\\","    font-family: Arial, Helvetica, sans-serif;\\n\\","    margin: 2rem;\\n\\","}\\n\\","body > * {\\n\\","    margin-bottom: 1rem;\\n\\","}\\n\\",".utility2FooterDiv {\\n\\","    margin-top: 20px;\\n\\","    text-align: center;\\n\\","}\\n\\","</style>\\n\\","<style>\\n\\","/*csslint\\n\\","*/\\n\\","textarea {\\n\\","    font-family: monospace;\\n\\","    height: 10rem;\\n\\","    width: 100%;\\n\\","}\\n\\","textarea[readonly] {\\n\\","    background: #ddd;\\n\\","}\\n\\","</style>\\n\\","</head>\\n\\","<body>\\n\\","<!-- utility2-comment\\n\\","<div id=\"ajaxProgressDiv1\" style=\"background: #d00; height: 2px; left: 0; margin: 0; padding: 0; position: fixed; top: 0; transition: background 0.5s, width 1.5s; width: 25%;\"></div>\\n\\","utility2-comment -->\\n\\","<h1>\\n\\","<!-- utility2-comment\\n\\","    <a\\n\\","        {{#if env.npm_package_homepage}}\\n\\","        href=\"{{env.npm_package_homepage}}\"\\n\\","        {{/if env.npm_package_homepage}}\\n\\","        target=\"_blank\"\\n\\","    >\\n\\","utility2-comment -->\\n\\","        {{env.npm_package_name}} (v{{env.npm_package_version}})\\n\\","<!-- utility2-comment\\n\\","    </a>\\n\\","utility2-comment -->\\n\\","</h1>\\n\\","<h3>{{env.npm_package_description}}</h3>\\n\\","<!-- utility2-comment\\n\\","<h4><a download href=\"assets.app.js\">download standalone app</a></h4>\\n\\","<button class=\"onclick onreset\" id=\"testRunButton1\">run internal test</button><br>\\n\\","<div id=\"testReportDiv1\" style=\"display: none;\"></div>\\n\\","utility2-comment -->\\n\\","\\n\\","\\n\\","\\n\\","<label>stderr and stdout</label>\\n\\","<textarea class=\"resettable\" id=\"outputTextareaStdout1\" readonly></textarea>\\n\\","<!-- utility2-comment\\n\\","{{#if isRollup}}\\n\\","<script src=\"assets.app.js\"></script>\\n\\","{{#unless isRollup}}\\n\\","utility2-comment -->\\n\\","<script src=\"assets.utility2.rollup.js\"></script>\\n\\","<script src=\"jsonp.utility2._stateInit?callback=window.utility2._stateInit\"></script>\\n\\","<script src=\"assets.npmtest_now.rollup.js\"></script>\\n\\","<script src=\"assets.example.js\"></script>\\n\\","<script src=\"assets.test.js\"></script>\\n\\","<!-- utility2-comment\\n\\","{{/if isRollup}}\\n\\","utility2-comment -->\\n\\","<div class=\"utility2FooterDiv\">\\n\\","    [ this app was created with\\n\\","    <a href=\"https://github.com/kaizhu256/node-utility2\" target=\"_blank\">utility2</a>\\n\\","    ]\\n\\","</div>\\n\\","</body>\\n\\","</html>\\n\\","';","        /* jslint-ignore-end */","        if (local.templateRender) {","            local.assetsDict['/'] = local.templateRender(","                local.assetsDict['/assets.index.template.html'],","                {","                    env: local.objectSetDefault(local.env, {","                        npm_package_description: 'the greatest app in the world!',","                        npm_package_name: 'my-app',","                        npm_package_nameAlias: 'my_app',","                        npm_package_version: '0.0.1'","                    })","                }","            );","        } else {","            local.assetsDict['/'] = local.assetsDict['/assets.index.template.html']","                .replace((/\\{\\{env\\.(\\w+?)\\}\\}/g), function (match0, match1) {","                    // jslint-hack","                    String(match0);","                    switch (match1) {","                    case 'npm_package_description':","                        return 'the greatest app in the world!';","                    case 'npm_package_name':","                        return 'my-app';","                    case 'npm_package_nameAlias':","                        return 'my_app';","                    case 'npm_package_version':","                        return '0.0.1';","                    }","                });","        }","        // run the cli","        if (local.global.utility2_rollup || module !== require.main) {","            break;","        }","        local.assetsDict['/assets.example.js'] =","            local.assetsDict['/assets.example.js'] ||","            local.fs.readFileSync(__filename, 'utf8');","        // bug-workaround - long $npm_package_buildCustomOrg","        /* jslint-ignore-begin */","        local.assetsDict['/assets.npmtest_now.rollup.js'] =","            local.assetsDict['/assets.npmtest_now.rollup.js'] ||","            local.fs.readFileSync(","                local.npmtest_now.__dirname + '/lib.npmtest_now.js',","                'utf8'","            ).replace((/^#!/), '//');","        /* jslint-ignore-end */","        local.assetsDict['/favicon.ico'] = local.assetsDict['/favicon.ico'] || '';","        // if $npm_config_timeout_exit exists,","        // then exit this process after $npm_config_timeout_exit ms","        if (Number(process.env.npm_config_timeout_exit)) {","            setTimeout(process.exit, Number(process.env.npm_config_timeout_exit));","        }","        // start server","        if (local.global.utility2_serverHttp1) {","            break;","        }","        process.env.PORT = process.env.PORT || '8081';","        console.error('server starting on port ' + process.env.PORT);","        local.http.createServer(function (request, response) {","            request.urlParsed = local.url.parse(request.url);","            if (local.assetsDict[request.urlParsed.pathname] !== undefined) {","                response.end(local.assetsDict[request.urlParsed.pathname]);","                return;","            }","            response.statusCode = 404;","            response.end();","        }).listen(process.env.PORT);","        break;","    }","}());",""],"l":{"26":2,"28":2,"33":2,"35":2,"37":2,"38":2,"39":2,"44":1,"51":2,"55":2,"59":2,"61":2,"69":1,"70":2,"76":2,"79":2,"82":2,"83":2,"85":1,"89":2,"92":1,"93":1,"94":1,"96":1,"97":1,"100":1,"101":1,"103":1,"106":1,"108":2,"114":1,"116":1,"118":1,"123":1,"124":2,"125":2,"126":3,"127":3,"128":3,"129":3,"130":1,"133":3,"134":3,"139":3,"143":1,"144":3,"145":1,"149":1,"150":1,"158":1,"160":1,"161":1,"162":1,"164":1,"166":1,"258":1,"259":1,"271":1,"274":6,"275":6,"277":1,"279":2,"281":1,"283":2,"288":1,"289":1,"291":1,"296":1,"303":1,"306":1,"307":1,"310":1,"311":1,"313":1,"314":1,"315":1,"316":1,"317":1,"318":1,"319":1,"321":1,"322":1,"324":1}},"/home/travis/build/npmtest/node-npmtest-now/node_modules/now/build/bin/now.js":{"path":"/home/travis/build/npmtest/node-npmtest-now/node_modules/now/build/bin/now.js","s":{"1":2,"2":2,"3":2,"4":2,"5":2,"6":2,"7":2,"8":0,"9":0,"10":2,"11":2,"12":2,"13":2,"14":0,"15":0,"16":0,"17":0,"18":2,"19":2,"20":2,"21":2,"22":2,"23":2,"24":0,"25":2,"26":0,"27":0,"28":0,"29":0,"30":0,"31":0,"32":0,"33":0,"34":0,"35":2,"36":0,"37":2,"38":2,"39":2},"b":{"1":[0,2],"2":[2,0],"3":[0,2],"4":[0,2],"5":[0,0],"6":[0,0],"7":[0,0],"8":[0,0],"9":[0,2]},"f":{},"fnMap":{},"statementMap":{"1":{"start":{"line":4,"column":0},"end":{"line":4,"column":29}},"2":{"start":{"line":7,"column":0},"end":{"line":7,"column":44}},"3":{"start":{"line":8,"column":0},"end":{"line":8,"column":50}},"4":{"start":{"line":9,"column":0},"end":{"line":9,"column":31}},"5":{"start":{"line":12,"column":0},"end":{"line":12,"column":46}},"6":{"start":{"line":13,"column":0},"end":{"line":13,"column":34}},"7":{"start":{"line":16,"column":0},"end":{"line":21,"column":1}},"8":{"start":{"line":17,"column":2},"end":{"line":19,"column":4}},"9":{"start":{"line":20,"column":2},"end":{"line":20,"column":18}},"10":{"start":{"line":23,"column":0},"end":{"line":34,"column":1}},"11":{"start":{"line":24,"column":2},"end":{"line":24,"column":43}},"12":{"start":{"line":25,"column":2},"end":{"line":25,"column":33}},"13":{"start":{"line":27,"column":2},"end":{"line":33,"column":3}},"14":{"start":{"line":28,"column":4},"end":{"line":28,"column":102}},"15":{"start":{"line":29,"column":4},"end":{"line":29,"column":67}},"16":{"start":{"line":30,"column":4},"end":{"line":30,"column":110}},"17":{"start":{"line":32,"column":4},"end":{"line":32,"column":33}},"18":{"start":{"line":37,"column":0},"end":{"line":37,"column":32}},"19":{"start":{"line":39,"column":0},"end":{"line":61,"column":3}},"20":{"start":{"line":63,"column":0},"end":{"line":73,"column":3}},"21":{"start":{"line":75,"column":0},"end":{"line":75,"column":25}},"22":{"start":{"line":76,"column":0},"end":{"line":76,"column":35}},"23":{"start":{"line":77,"column":0},"end":{"line":77,"column":51}},"24":{"start":{"line":77,"column":34},"end":{"line":77,"column":49}},"25":{"start":{"line":79,"column":0},"end":{"line":95,"column":1}},"26":{"start":{"line":80,"column":2},"end":{"line":80,"column":20}},"27":{"start":{"line":81,"column":2},"end":{"line":81,"column":24}},"28":{"start":{"line":83,"column":2},"end":{"line":92,"column":3}},"29":{"start":{"line":84,"column":4},"end":{"line":89,"column":5}},"30":{"start":{"line":85,"column":6},"end":{"line":85,"column":24}},"31":{"start":{"line":86,"column":6},"end":{"line":86,"column":28}},"32":{"start":{"line":88,"column":6},"end":{"line":88,"column":27}},"33":{"start":{"line":91,"column":4},"end":{"line":91,"column":27}},"34":{"start":{"line":94,"column":2},"end":{"line":94,"column":32}},"35":{"start":{"line":99,"column":0},"end":{"line":101,"column":1}},"36":{"start":{"line":100,"column":2},"end":{"line":100,"column":17}},"37":{"start":{"line":103,"column":0},"end":{"line":103,"column":58}},"38":{"start":{"line":106,"column":0},"end":{"line":106,"column":53}},"39":{"start":{"line":110,"column":0},"end":{"line":110,"column":28}}},"branchMap":{"1":{"line":16,"type":"if","locations":[{"start":{"line":16,"column":0},"end":{"line":16,"column":0}},{"start":{"line":16,"column":0},"end":{"line":16,"column":0}}]},"2":{"line":23,"type":"if","locations":[{"start":{"line":23,"column":0},"end":{"line":23,"column":0}},{"start":{"line":23,"column":0},"end":{"line":23,"column":0}}]},"3":{"line":27,"type":"if","locations":[{"start":{"line":27,"column":2},"end":{"line":27,"column":2}},{"start":{"line":27,"column":2},"end":{"line":27,"column":2}}]},"4":{"line":79,"type":"if","locations":[{"start":{"line":79,"column":0},"end":{"line":79,"column":0}},{"start":{"line":79,"column":0},"end":{"line":79,"column":0}}]},"5":{"line":83,"type":"if","locations":[{"start":{"line":83,"column":2},"end":{"line":83,"column":2}},{"start":{"line":83,"column":2},"end":{"line":83,"column":2}}]},"6":{"line":84,"type":"if","locations":[{"start":{"line":84,"column":4},"end":{"line":84,"column":4}},{"start":{"line":84,"column":4},"end":{"line":84,"column":4}}]},"7":{"line":84,"type":"binary-expr","locations":[{"start":{"line":84,"column":8},"end":{"line":84,"column":27}},{"start":{"line":84,"column":31},"end":{"line":84,"column":56}}]},"8":{"line":94,"type":"binary-expr","locations":[{"start":{"line":94,"column":8},"end":{"line":94,"column":24}},{"start":{"line":94,"column":28},"end":{"line":94,"column":31}}]},"9":{"line":99,"type":"if","locations":[{"start":{"line":99,"column":0},"end":{"line":99,"column":0}},{"start":{"line":99,"column":0},"end":{"line":99,"column":0}}]}},"code":["//#!/usr/bin/env node","","// Native","const path = require('path');","","// Packages","const nodeVersion = require('node-version');","const updateNotifier = require('update-notifier');","const chalk = require('chalk');","","// Ours","const errorHandlers = require('../lib/error');","const pkg = require('../lib/pkg');","","// Throw an error if node version is too low","if (nodeVersion.major < 6) {","  errorHandlers.error(","    'Now requires at least version 6 of Node. Please upgrade!'","  );","  process.exit(1);","}","","if (!process.pkg) {","  const notifier = updateNotifier({ pkg });","  const update = notifier.update;","","  if (update) {","    let message = `Update available! ${chalk.red(update.current)} → ${chalk.green(update.latest)} \\n`;","    message += `Run ${chalk.magenta('npm i -g now')} to update!\\n`;","    message += `${chalk.magenta('Changelog:')} https://github.com/zeit/now-cli/releases/tag/${update.latest}`;","","    notifier.notify({ message });","  }","}","","// This command will be run if no other sub command is specified","const defaultCommand = 'deploy';","","const commands = new Set([","  defaultCommand,","  'help',","  'list',","  'ls',","  'rm',","  'remove',","  'alias',","  'aliases',","  'ln',","  'domain',","  'domains',","  'dns',","  'cert',","  'certs',","  'secret',","  'secrets',","  'cc',","  'billing',","  'upgrade',","  'downgrade',","  'open'","]);","","const aliases = new Map([","  ['ls', 'list'],","  ['rm', 'remove'],","  ['ln', 'alias'],","  ['aliases', 'alias'],","  ['domain', 'domains'],","  ['cert', 'certs'],","  ['secret', 'secrets'],","  ['cc', 'billing'],","  ['downgrade', 'upgrade']","]);","","let cmd = defaultCommand;","const args = process.argv.slice(2);","const index = args.findIndex(a => commands.has(a));","","if (index > -1) {","  cmd = args[index];","  args.splice(index, 1);","","  if (cmd === 'help') {","    if (index < args.length && commands.has(args[index])) {","      cmd = args[index];","      args.splice(index, 1);","    } else {","      cmd = defaultCommand;","    }","","    args.unshift('--help');","  }","","  cmd = aliases.get(cmd) || cmd;","}","","// Don't throw a useless error message when running `now help help`","// rather show the general help and be useful","if (cmd === 'help') {","  cmd = 'deploy';","}","","const bin = path.resolve(__dirname, 'now-' + cmd + '.js');","","// Prepare process.argv for subcommand","process.argv = process.argv.slice(0, 2).concat(args);","","// Load sub command","// With custom parameter to make \"pkg\" happy","require(bin, 'may-exclude');",""],"l":{"4":2,"7":2,"8":2,"9":2,"12":2,"13":2,"16":2,"17":0,"20":0,"23":2,"24":2,"25":2,"27":2,"28":0,"29":0,"30":0,"32":0,"37":2,"39":2,"63":2,"75":2,"76":2,"77":2,"79":2,"80":0,"81":0,"83":0,"84":0,"85":0,"86":0,"88":0,"91":0,"94":0,"99":2,"100":0,"103":2,"106":2,"110":2}},"/home/travis/build/npmtest/node-npmtest-now/node_modules/now/build/lib/error.js":{"path":"/home/travis/build/npmtest/node-npmtest-now/node_modules/now/build/lib/error.js","s":{"1":1,"2":1,"3":1,"4":1,"5":0,"6":0,"7":0,"8":0,"9":0,"10":0,"11":0,"12":0,"13":0,"14":0,"15":0,"16":0,"17":0,"18":1},"b":{"1":[0,0],"2":[0,0],"3":[0,0],"4":[0,0],"5":[0,0],"6":[0,0]},"f":{"1":0},"fnMap":{"1":{"name":"handleError","line":7,"loc":{"start":{"line":7,"column":0},"end":{"line":7,"column":26}}}},"statementMap":{"1":{"start":{"line":2,"column":0},"end":{"line":2,"column":25}},"2":{"start":{"line":3,"column":0},"end":{"line":3,"column":31}},"3":{"start":{"line":5,"column":0},"end":{"line":5,"column":46}},"4":{"start":{"line":7,"column":0},"end":{"line":32,"column":1}},"5":{"start":{"line":8,"column":2},"end":{"line":31,"column":3}},"6":{"start":{"line":9,"column":4},"end":{"line":11,"column":6}},"7":{"start":{"line":12,"column":9},"end":{"line":31,"column":3}},"8":{"start":{"line":13,"column":4},"end":{"line":24,"column":5}},"9":{"start":{"line":14,"column":6},"end":{"line":14,"column":25}},"10":{"start":{"line":15,"column":11},"end":{"line":24,"column":5}},"11":{"start":{"line":16,"column":6},"end":{"line":16,"column":60}},"12":{"start":{"line":18,"column":6},"end":{"line":23,"column":8}},"13":{"start":{"line":25,"column":9},"end":{"line":31,"column":3}},"14":{"start":{"line":26,"column":4},"end":{"line":26,"column":23}},"15":{"start":{"line":27,"column":9},"end":{"line":31,"column":3}},"16":{"start":{"line":28,"column":4},"end":{"line":28,"column":52}},"17":{"start":{"line":30,"column":4},"end":{"line":30,"column":66}},"18":{"start":{"line":34,"column":0},"end":{"line":37,"column":2}}},"branchMap":{"1":{"line":8,"type":"if","locations":[{"start":{"line":8,"column":2},"end":{"line":8,"column":2}},{"start":{"line":8,"column":2},"end":{"line":8,"column":2}}]},"2":{"line":12,"type":"if","locations":[{"start":{"line":12,"column":9},"end":{"line":12,"column":9}},{"start":{"line":12,"column":9},"end":{"line":12,"column":9}}]},"3":{"line":13,"type":"if","locations":[{"start":{"line":13,"column":4},"end":{"line":13,"column":4}},{"start":{"line":13,"column":4},"end":{"line":13,"column":4}}]},"4":{"line":15,"type":"if","locations":[{"start":{"line":15,"column":11},"end":{"line":15,"column":11}},{"start":{"line":15,"column":11},"end":{"line":15,"column":11}}]},"5":{"line":25,"type":"if","locations":[{"start":{"line":25,"column":9},"end":{"line":25,"column":9}},{"start":{"line":25,"column":9},"end":{"line":25,"column":9}}]},"6":{"line":27,"type":"if","locations":[{"start":{"line":27,"column":9},"end":{"line":27,"column":9}},{"start":{"line":27,"column":9},"end":{"line":27,"column":9}}]}},"code":["// Packages","const ms = require('ms');","const chalk = require('chalk');","","const error = require('./utils/output/error');","","function handleError(err) {","  if (err.status === 403) {","    error(","      'Authentication error. Run `now -L` or `now --login` to log-in again.'","    );","  } else if (err.status === 429) {","    if (err.retryAfter === 'never') {","      error(err.message);","    } else if (err.retryAfter === null) {","      error('Rate limit exceeded error. Please try later.');","    } else {","      error(","        'Rate limit exceeded error. Try again in ' +","          ms(err.retryAfter * 1000, { long: true }) +","          ', or upgrade your account by runnung ' +","          `${chalk.gray('`')}${chalk.cyan('now upgrade')}${chalk.gray('`')}`","      );","    }","  } else if (err.userError) {","    error(err.message);","  } else if (err.status === 500) {","    error('Unexpected server error. Please retry.');","  } else {","    error(`Unexpected error. Please try later. (${err.message})`);","  }","}","","module.exports = {","  handleError,","  error","};",""],"l":{"2":1,"3":1,"5":1,"7":1,"8":0,"9":0,"12":0,"13":0,"14":0,"15":0,"16":0,"18":0,"25":0,"26":0,"27":0,"28":0,"30":0,"34":1}},"/home/travis/build/npmtest/node-npmtest-now/node_modules/now/build/lib/utils/output/error.js":{"path":"/home/travis/build/npmtest/node-npmtest-now/node_modules/now/build/lib/utils/output/error.js","s":{"1":1,"2":1,"3":0,"4":0,"5":0},"b":{"1":[0,0]},"f":{},"fnMap":{},"statementMap":{"1":{"start":{"line":1,"column":0},"end":{"line":1,"column":31}},"2":{"start":{"line":4,"column":0},"end":{"line":10,"column":2}},"3":{"start":{"line":5,"column":2},"end":{"line":7,"column":3}},"4":{"start":{"line":6,"column":4},"end":{"line":6,"column":22}},"5":{"start":{"line":9,"column":2},"end":{"line":9,"column":51}}},"branchMap":{"1":{"line":5,"type":"if","locations":[{"start":{"line":5,"column":2},"end":{"line":5,"column":2}},{"start":{"line":5,"column":2},"end":{"line":5,"column":2}}]}},"code":["const chalk = require('chalk');","","// Prints an error message","module.exports = msg => {","  if (msg instanceof Error) {","    msg = msg.message;","  }","","  console.error(`${chalk.red('> Error!')} ${msg}`);","};",""],"l":{"1":1,"4":1,"5":0,"6":0,"9":0}},"/home/travis/build/npmtest/node-npmtest-now/node_modules/now/build/lib/pkg.js":{"path":"/home/travis/build/npmtest/node-npmtest-now/node_modules/now/build/lib/pkg.js","s":{"1":1,"2":1,"3":1,"4":1,"5":1},"b":{},"f":{},"fnMap":{},"statementMap":{"1":{"start":{"line":3,"column":0},"end":{"line":3,"column":8}},"2":{"start":{"line":4,"column":0},"end":{"line":8,"column":1}},"3":{"start":{"line":5,"column":2},"end":{"line":5,"column":35}},"4":{"start":{"line":7,"column":2},"end":{"line":7,"column":38}},"5":{"start":{"line":10,"column":0},"end":{"line":10,"column":21}}},"branchMap":{},"code":["/* eslint-disable import/no-unresolved */","","let pkg;","try {","  pkg = require('../package.json');","} catch (err) {","  pkg = require('../../package.json');","}","","module.exports = pkg;",""],"l":{"3":1,"4":1,"5":1,"7":1,"10":1}},"/home/travis/build/npmtest/node-npmtest-now/node_modules/now/build/bin/now-deploy.js":{"path":"/home/travis/build/npmtest/node-npmtest-now/node_modules/now/build/bin/now-deploy.js","s":{"1":2,"2":2,"3":2,"4":2,"5":2,"6":2,"7":2,"8":2,"9":2,"10":2,"11":2,"12":2,"13":0,"14":0,"15":0,"16":0,"17":0,"18":0,"19":0,"20":0,"21":0,"22":0,"23":0,"24":0,"25":0,"26":0,"27":0,"28":0,"29":0,"30":0,"31":0,"32":0,"33":0,"34":0,"35":0,"36":0,"37":0,"38":0,"39":0,"40":0,"41":0,"42":0,"43":0,"44":0,"45":0,"46":0,"47":0,"48":0,"49":0,"50":0,"51":0,"52":0,"53":0,"54":0,"55":0,"56":0,"57":0,"58":0,"59":0,"60":0,"61":0,"62":0,"63":0,"64":0,"65":0,"66":0,"67":0,"68":0,"69":0,"70":0,"71":0,"72":0,"73":0,"74":0,"75":0,"76":0,"77":0,"78":0,"79":0,"80":1,"81":0,"82":0,"83":0,"84":0,"85":0,"86":0,"87":0,"88":0,"89":0,"90":0,"91":0,"92":0,"93":0,"94":0,"95":0,"96":0,"97":0,"98":0,"99":0,"100":0,"101":0,"102":0,"103":0,"104":0,"105":0,"106":0,"107":0,"108":0,"109":0,"110":0,"111":0,"112":0,"113":0,"114":0,"115":0,"116":0,"117":0,"118":0,"119":0,"120":0,"121":0,"122":0,"123":0,"124":0,"125":0,"126":0,"127":0,"128":0,"129":0,"130":0,"131":0,"132":0,"133":0,"134":0,"135":0,"136":0,"137":0,"138":0,"139":0,"140":0,"141":0,"142":0,"143":0,"144":0,"145":0,"146":0,"147":0,"148":0,"149":0,"150":0,"151":0,"152":0,"153":0,"154":0,"155":0,"156":0,"157":0,"158":0,"159":0,"160":0,"161":0,"162":0,"163":0,"164":0,"165":0,"166":0,"167":0,"168":0,"169":0,"170":0,"171":0,"172":0,"173":0,"174":0,"175":0,"176":0,"177":0,"178":0,"179":0,"180":0,"181":0,"182":0,"183":0,"184":0,"185":0,"186":0,"187":0,"188":0,"189":0,"190":0,"191":0,"192":0,"193":0,"194":0,"195":0,"196":0,"197":0,"198":0,"199":0,"200":0,"201":0,"202":0,"203":0,"204":0,"205":0,"206":0,"207":0,"208":0,"209":0,"210":0,"211":0,"212":0,"213":0,"214":0,"215":0,"216":0,"217":0,"218":0,"219":0,"220":0,"221":0,"222":0,"223":0,"224":0,"225":0,"226":0,"227":0,"228":0,"229":0,"230":0,"231":0,"232":0,"233":0,"234":0,"235":0,"236":0,"237":0,"238":0,"239":0,"240":0,"241":0,"242":0,"243":0,"244":0,"245":0,"246":0,"247":0,"248":0,"249":0,"250":0,"251":0,"252":0,"253":0,"254":0,"255":0,"256":0,"257":0,"258":0,"259":0,"260":0,"261":0,"262":0,"263":0,"264":0,"265":0,"266":0,"267":0,"268":0,"269":0,"270":0,"271":0,"272":0,"273":0,"274":0,"275":0,"276":0,"277":0,"278":0,"279":0,"280":0,"281":0,"282":0,"283":0,"284":0,"285":0,"286":0,"287":0,"288":0,"289":0,"290":0,"291":0,"292":1,"293":0,"294":0,"295":0,"296":0,"297":0,"298":0,"299":0,"300":0,"301":0,"302":0,"303":0,"304":0,"305":0,"306":0,"307":0,"308":0,"309":0,"310":0,"311":0,"312":0,"313":0,"314":0,"315":0,"316":0,"317":0,"318":0,"319":0,"320":0,"321":0,"322":0,"323":1,"324":0,"325":1,"326":0,"327":0,"328":0,"329":0,"330":0,"331":1,"332":0,"333":0},"b":{"1":[0,0],"2":[0,0],"3":[0,0],"4":[0,0],"5":[0,0],"6":[0,0],"7":[0,0],"8":[0,0],"9":[0,0],"10":[0,0],"11":[0,0],"12":[0,0],"13":[0,0],"14":[0,0],"15":[0,0],"16":[0,0],"17":[0,0],"18":[0,0],"19":[0,0],"20":[0,0],"21":[0,0],"22":[0,0],"23":[0,0],"24":[0,0],"25":[0,0],"26":[0,0],"27":[0,0],"28":[0,0],"29":[0,0],"30":[0,0],"31":[0,0],"32":[0,0],"33":[0,0],"34":[0,0],"35":[0,0],"36":[0,0],"37":[0,0],"38":[0,0],"39":[0,0],"40":[0,0],"41":[0,0],"42":[0,0],"43":[0,0],"44":[0,0],"45":[0,0],"46":[0,0],"47":[0,0],"48":[0,0],"49":[0,0],"50":[0,0],"51":[0,0],"52":[0,0],"53":[0,0],"54":[0,0],"55":[0,0],"56":[0,0],"57":[0,0],"58":[0,0],"59":[0,0],"60":[0,0],"61":[0,0],"62":[0,0],"63":[0,0],"64":[0,0],"65":[0,0],"66":[0,0],"67":[0,0],"68":[0,0],"69":[0,0],"70":[0,0],"71":[0,0],"72":[0,0],"73":[0,0],"74":[0,0],"75":[0,0],"76":[0,0],"77":[0,0],"78":[0,0],"79":[0,0],"80":[0,0],"81":[0,0],"82":[0,0],"83":[0,0],"84":[0,0],"85":[0,0],"86":[0,0],"87":[0,0],"88":[0,0],"89":[0,0]},"f":{"1":0,"2":0,"3":0,"4":0,"5":0,"6":0,"7":0,"8":0,"9":0,"10":0,"11":0,"12":0,"13":0},"fnMap":{"1":{"name":"sync","line":233,"loc":{"start":{"line":233,"column":0},"end":{"line":233,"column":21}}},"2":{"name":"(anonymous_2)","line":233,"loc":{"start":{"line":233,"column":37},"end":{"line":233,"column":48}}},"3":{"name":"(anonymous_3)","line":341,"loc":{"start":{"line":341,"column":27},"end":{"line":341,"column":38}}},"4":{"name":"(anonymous_4)","line":349,"loc":{"start":{"line":349,"column":27},"end":{"line":349,"column":38}}},"5":{"name":"(anonymous_5)","line":457,"loc":{"start":{"line":457,"column":42},"end":{"line":457,"column":53}}},"6":{"name":"(anonymous_6)","line":468,"loc":{"start":{"line":468,"column":27},"end":{"line":468,"column":38}}},"7":{"name":"printLogs","line":676,"loc":{"start":{"line":676,"column":0},"end":{"line":676,"column":32}}},"8":{"name":"(anonymous_8)","line":680,"loc":{"start":{"line":680,"column":36},"end":{"line":680,"column":47}}},"9":{"name":"(anonymous_9)","line":702,"loc":{"start":{"line":702,"column":35},"end":{"line":702,"column":46}}},"10":{"name":"__async","line":736,"loc":{"start":{"line":736,"column":0},"end":{"line":736,"column":19}}},"11":{"name":"(anonymous_11)","line":736,"loc":{"start":{"line":736,"column":39},"end":{"line":736,"column":52}}},"12":{"name":"c","line":736,"loc":{"start":{"line":736,"column":53},"end":{"line":736,"column":68}}},"13":{"name":"d","line":736,"loc":{"start":{"line":736,"column":176},"end":{"line":736,"column":189}}}},"statementMap":{"1":{"start":{"line":4,"column":0},"end":{"line":4,"column":36}},"2":{"start":{"line":7,"column":0},"end":{"line":7,"column":37}},"3":{"start":{"line":8,"column":0},"end":{"line":8,"column":33}},"4":{"start":{"line":9,"column":0},"end":{"line":9,"column":31}},"5":{"start":{"line":10,"column":0},"end":{"line":10,"column":31}},"6":{"start":{"line":11,"column":0},"end":{"line":11,"column":37}},"7":{"start":{"line":12,"column":0},"end":{"line":12,"column":25}},"8":{"start":{"line":13,"column":0},"end":{"line":13,"column":39}},"9":{"start":{"line":14,"column":0},"end":{"line":14,"column":33}},"10":{"start":{"line":15,"column":0},"end":{"line":15,"column":47}},"11":{"start":{"line":18,"column":0},"end":{"line":18,"column":36}},"12":{"start":{"line":19,"column":0},"end":{"line":19,"column":38}},"13":{"start":{"line":20,"column":0},"end":{"line":20,"column":34}},"14":{"start":{"line":21,"column":0},"end":{"line":21,"column":42}},"15":{"start":{"line":22,"column":0},"end":{"line":22,"column":46}},"16":{"start":{"line":23,"column":0},"end":{"line":23,"column":30}},"17":{"start":{"line":24,"column":0},"end":{"line":24,"column":58}},"18":{"start":{"line":25,"column":0},"end":{"line":25,"column":61}},"19":{"start":{"line":26,"column":0},"end":{"line":26,"column":55}},"20":{"start":{"line":27,"column":0},"end":{"line":27,"column":68}},"21":{"start":{"line":28,"column":0},"end":{"line":28,"column":53}},"22":{"start":{"line":29,"column":0},"end":{"line":29,"column":53}},"23":{"start":{"line":30,"column":0},"end":{"line":30,"column":60}},"24":{"start":{"line":31,"column":0},"end":{"line":31,"column":42}},"25":{"start":{"line":32,"column":0},"end":{"line":32,"column":49}},"26":{"start":{"line":33,"column":0},"end":{"line":33,"column":47}},"27":{"start":{"line":34,"column":0},"end":{"line":34,"column":49}},"28":{"start":{"line":35,"column":0},"end":{"line":35,"column":49}},"29":{"start":{"line":36,"column":0},"end":{"line":36,"column":41}},"30":{"start":{"line":37,"column":0},"end":{"line":37,"column":61}},"31":{"start":{"line":39,"column":0},"end":{"line":72,"column":3}},"32":{"start":{"line":74,"column":0},"end":{"line":149,"column":2}},"33":{"start":{"line":75,"column":2},"end":{"line":148,"column":4}},"34":{"start":{"line":151,"column":0},"end":{"line":151,"column":21}},"35":{"start":{"line":153,"column":0},"end":{"line":159,"column":1}},"36":{"start":{"line":156,"column":2},"end":{"line":156,"column":38}},"37":{"start":{"line":158,"column":2},"end":{"line":158,"column":23}},"38":{"start":{"line":162,"column":0},"end":{"line":162,"column":19}},"39":{"start":{"line":165,"column":0},"end":{"line":165,"column":26}},"40":{"start":{"line":166,"column":0},"end":{"line":166,"column":25}},"41":{"start":{"line":167,"column":0},"end":{"line":167,"column":40}},"42":{"start":{"line":168,"column":0},"end":{"line":168,"column":39}},"43":{"start":{"line":169,"column":0},"end":{"line":169,"column":33}},"44":{"start":{"line":170,"column":0},"end":{"line":170,"column":31}},"45":{"start":{"line":171,"column":0},"end":{"line":171,"column":35}},"46":{"start":{"line":172,"column":0},"end":{"line":172,"column":32}},"47":{"start":{"line":173,"column":0},"end":{"line":173,"column":42}},"48":{"start":{"line":174,"column":0},"end":{"line":174,"column":49}},"49":{"start":{"line":175,"column":0},"end":{"line":175,"column":35}},"50":{"start":{"line":176,"column":0},"end":{"line":176,"column":21}},"51":{"start":{"line":177,"column":0},"end":{"line":179,"column":26}},"52":{"start":{"line":181,"column":0},"end":{"line":183,"column":1}},"53":{"start":{"line":182,"column":2},"end":{"line":182,"column":33}},"54":{"start":{"line":185,"column":0},"end":{"line":190,"column":1}},"55":{"start":{"line":186,"column":2},"end":{"line":188,"column":4}},"56":{"start":{"line":189,"column":2},"end":{"line":189,"column":75}},"57":{"start":{"line":196,"column":0},"end":{"line":198,"column":1}},"58":{"start":{"line":197,"column":2},"end":{"line":197,"column":18}},"59":{"start":{"line":200,"column":0},"end":{"line":200,"column":26}},"60":{"start":{"line":201,"column":0},"end":{"line":201,"column":43}},"61":{"start":{"line":203,"column":0},"end":{"line":231,"column":1}},"62":{"start":{"line":204,"column":2},"end":{"line":204,"column":9}},"63":{"start":{"line":205,"column":2},"end":{"line":205,"column":10}},"64":{"start":{"line":206,"column":7},"end":{"line":231,"column":1}},"65":{"start":{"line":207,"column":2},"end":{"line":207,"column":23}},"66":{"start":{"line":208,"column":2},"end":{"line":208,"column":18}},"67":{"start":{"line":209,"column":7},"end":{"line":231,"column":1}},"68":{"start":{"line":210,"column":2},"end":{"line":225,"column":7}},"69":{"start":{"line":212,"column":6},"end":{"line":220,"column":7}},"70":{"start":{"line":213,"column":8},"end":{"line":213,"column":76}},"71":{"start":{"line":214,"column":8},"end":{"line":214,"column":24}},"72":{"start":{"line":216,"column":8},"end":{"line":219,"column":11}},"73":{"start":{"line":217,"column":10},"end":{"line":217,"column":55}},"74":{"start":{"line":218,"column":10},"end":{"line":218,"column":26}},"75":{"start":{"line":223,"column":6},"end":{"line":223,"column":51}},"76":{"start":{"line":224,"column":6},"end":{"line":224,"column":22}},"77":{"start":{"line":227,"column":2},"end":{"line":230,"column":5}},"78":{"start":{"line":228,"column":4},"end":{"line":228,"column":49}},"79":{"start":{"line":229,"column":4},"end":{"line":229,"column":20}},"80":{"start":{"line":233,"column":0},"end":{"line":674,"column":5}},"81":{"start":{"line":233,"column":22},"end":{"line":674,"column":4}},"82":{"start":{"line":234,"column":2},"end":{"line":234,"column":27}},"83":{"start":{"line":235,"column":2},"end":{"line":235,"column":28}},"84":{"start":{"line":237,"column":2},"end":{"line":237,"column":74}},"85":{"start":{"line":239,"column":2},"end":{"line":242,"column":4}},"86":{"start":{"line":240,"column":4},"end":{"line":240,"column":15}},"87":{"start":{"line":241,"column":4},"end":{"line":241,"column":20}},"88":{"start":{"line":244,"column":2},"end":{"line":244,"column":42}},"89":{"start":{"line":246,"column":2},"end":{"line":290,"column":3}},"90":{"start":{"line":247,"column":4},"end":{"line":247,"column":24}},"91":{"start":{"line":249,"column":4},"end":{"line":249,"column":13}},"92":{"start":{"line":251,"column":4},"end":{"line":269,"column":5}},"93":{"start":{"line":252,"column":6},"end":{"line":252,"column":45}},"94":{"start":{"line":253,"column":6},"end":{"line":253,"column":39}},"95":{"start":{"line":255,"column":6},"end":{"line":262,"column":8}},"96":{"start":{"line":257,"column":10},"end":{"line":259,"column":12}},"97":{"start":{"line":264,"column":6},"end":{"line":266,"column":22}},"98":{"start":{"line":265,"column":8},"end":{"line":265,"column":45}},"99":{"start":{"line":268,"column":6},"end":{"line":268,"column":34}},"100":{"start":{"line":271,"column":4},"end":{"line":289,"column":5}},"101":{"start":{"line":273,"column":6},"end":{"line":273,"column":23}},"102":{"start":{"line":277,"column":6},"end":{"line":277,"column":35}},"103":{"start":{"line":278,"column":11},"end":{"line":289,"column":5}},"104":{"start":{"line":279,"column":6},"end":{"line":281,"column":8}},"105":{"start":{"line":282,"column":11},"end":{"line":289,"column":5}},"106":{"start":{"line":283,"column":6},"end":{"line":283,"column":77}},"107":{"start":{"line":284,"column":6},"end":{"line":286,"column":8}},"108":{"start":{"line":288,"column":6},"end":{"line":288,"column":69}},"109":{"start":{"line":293,"column":2},"end":{"line":298,"column":3}},"110":{"start":{"line":294,"column":4},"end":{"line":294,"column":26}},"111":{"start":{"line":296,"column":4},"end":{"line":296,"column":15}},"112":{"start":{"line":297,"column":4},"end":{"line":297,"column":11}},"113":{"start":{"line":300,"column":2},"end":{"line":310,"column":3}},"114":{"start":{"line":301,"column":4},"end":{"line":309,"column":5}},"115":{"start":{"line":302,"column":6},"end":{"line":302,"column":76}},"116":{"start":{"line":303,"column":6},"end":{"line":306,"column":8}},"117":{"start":{"line":308,"column":6},"end":{"line":308,"column":66}},"118":{"start":{"line":312,"column":2},"end":{"line":312,"column":21}},"119":{"start":{"line":314,"column":2},"end":{"line":314,"column":17}},"120":{"start":{"line":315,"column":2},"end":{"line":315,"column":20}},"121":{"start":{"line":316,"column":2},"end":{"line":316,"column":15}},"122":{"start":{"line":318,"column":2},"end":{"line":414,"column":3}},"123":{"start":{"line":319,"column":4},"end":{"line":321,"column":5}},"124":{"start":{"line":320,"column":6},"end":{"line":320,"column":71}},"125":{"start":{"line":323,"column":4},"end":{"line":323,"column":30}},"126":{"start":{"line":324,"column":9},"end":{"line":414,"column":3}},"127":{"start":{"line":325,"column":4},"end":{"line":325,"column":27}},"128":{"start":{"line":326,"column":9},"end":{"line":414,"column":3}},"129":{"start":{"line":327,"column":4},"end":{"line":329,"column":5}},"130":{"start":{"line":328,"column":6},"end":{"line":328,"column":57}},"131":{"start":{"line":331,"column":4},"end":{"line":331,"column":27}},"132":{"start":{"line":332,"column":4},"end":{"line":332,"column":20}},"133":{"start":{"line":334,"column":4},"end":{"line":338,"column":5}},"134":{"start":{"line":335,"column":6},"end":{"line":335,"column":51}},"135":{"start":{"line":337,"column":6},"end":{"line":337,"column":24}},"136":{"start":{"line":340,"column":4},"end":{"line":357,"column":7}},"137":{"start":{"line":341,"column":19},"end":{"line":348,"column":10}},"138":{"start":{"line":342,"column":8},"end":{"line":346,"column":9}},"139":{"start":{"line":343,"column":10},"end":{"line":343,"column":55}},"140":{"start":{"line":345,"column":10},"end":{"line":345,"column":23}},"141":{"start":{"line":347,"column":8},"end":{"line":347,"column":20}},"142":{"start":{"line":349,"column":19},"end":{"line":356,"column":10}},"143":{"start":{"line":350,"column":8},"end":{"line":354,"column":9}},"144":{"start":{"line":351,"column":10},"end":{"line":351,"column":53}},"145":{"start":{"line":353,"column":10},"end":{"line":353,"column":23}},"146":{"start":{"line":355,"column":8},"end":{"line":355,"column":20}},"147":{"start":{"line":359,"column":4},"end":{"line":413,"column":5}},"148":{"start":{"line":360,"column":6},"end":{"line":362,"column":7}},"149":{"start":{"line":361,"column":8},"end":{"line":361,"column":72}},"150":{"start":{"line":364,"column":6},"end":{"line":388,"column":7}},"151":{"start":{"line":365,"column":8},"end":{"line":382,"column":9}},"152":{"start":{"line":366,"column":10},"end":{"line":368,"column":12}},"153":{"start":{"line":369,"column":10},"end":{"line":378,"column":13}},"154":{"start":{"line":380,"column":10},"end":{"line":380,"column":29}},"155":{"start":{"line":381,"column":10},"end":{"line":381,"column":26}},"156":{"start":{"line":384,"column":8},"end":{"line":387,"column":10}},"157":{"start":{"line":389,"column":11},"end":{"line":413,"column":5}},"158":{"start":{"line":390,"column":6},"end":{"line":394,"column":7}},"159":{"start":{"line":391,"column":8},"end":{"line":393,"column":10}},"160":{"start":{"line":396,"column":6},"end":{"line":396,"column":29}},"161":{"start":{"line":397,"column":11},"end":{"line":413,"column":5}},"162":{"start":{"line":398,"column":6},"end":{"line":402,"column":7}},"163":{"start":{"line":399,"column":8},"end":{"line":401,"column":10}},"164":{"start":{"line":404,"column":6},
[...]
d ${chalk.dim('`list`')}","","    ${chalk.cyan('$ now help list')}","`","  );","};","","let path = argv._[0];","","if (path) {","  // If path is relative: resolve","  // if path is absolute: clear up strange `/` etc","  path = resolve(process.cwd(), path);","} else {","  path = process.cwd();","}","","// If the current deployment is a repo","const gitRepo = {};","","// Options","let forceNew = argv.force;","const debug = argv.debug;","const clipboard = !argv['no-clipboard'];","const forwardNpm = argv['forward-npm'];","const forceSync = argv.forceSync;","const shouldLogin = argv.login;","const followSymlinks = !argv.links;","const wantsPublic = argv.public;","const deploymentName = argv.name || false;","const apiUrl = argv.url || 'https://api.zeit.co';","const isTTY = process.stdout.isTTY;","const quiet = !isTTY;","const autoAliases = typeof argv.alias === 'undefined'","  ? false","  : flatten([argv.alias]);","","if (argv.config) {","  cfg.setConfigFile(argv.config);","}","","if (Array.isArray(autoAliases)) {","  console.log(","    `${chalk.red('Deprecated!')} The option ${chalk.grey('--alias')} will be removed soon.`","  );","  console.log('Read more about the new way here: http://bit.ly/2l2v5Fg\\n');","}","","// Create a new deployment if user changed","// the name or made _src public.","// This should just work fine because it doesn't","// force a new sync, it just forces a new deployment.","if (deploymentName || wantsPublic) {","  forceNew = true;","}","","const config = cfg.read();","const alwaysForwardNpm = config.forwardNpm;","","if (argv.h || argv.help) {","  help();","  exit(0);","} else if (argv.v || argv.version) {","  console.log(version);","  process.exit(0);","} else if (!(argv.token || config.token) || shouldLogin) {","  login(apiUrl)","    .then(token => {","      if (shouldLogin) {","        console.log('> Logged in successfully. Token saved in ~/.now.json');","        process.exit(0);","      } else {","        sync(token).catch(err => {","          error(`Unknown error: ${err}\\n${err.stack}`);","          process.exit(1);","        });","      }","    })","    .catch(e => {","      error(`Authentication error – ${e.message}`);","      process.exit(1);","    });","} else {","  sync(argv.token || config.token).catch(err => {","    error(`Unknown error: ${err}\\n${err.stack}`);","    process.exit(1);","  });","}","","function sync(token) {return __async(function*(){","  const start = Date.now();","  const rawPath = argv._[0];","","  const planPromise = new NowPlans(apiUrl, token, { debug }).getCurrent();","","  const stopDeployment = msg => {","    error(msg);","    process.exit(1);","  };","","  const isValidRepo = isRepoPath(rawPath);","","  try {","    yield fs.stat(path);","  } catch (err) {","    let repo;","","    if (isValidRepo && isValidRepo !== 'no-valid-url') {","      const gitParts = gitPathParts(rawPath);","      Object.assign(gitRepo, gitParts);","","      const searchMessage = setTimeout(","        () => {","          console.log(","            `> Didn't find directory. Searching on ${gitRepo.type}...`","          );","        },","        500","      );","","      try {","        repo = yield fromGit(rawPath, debug);","      } catch (err) {}","","      clearTimeout(searchMessage);","    }","","    if (repo) {","      // Tell now which directory to deploy","      path = repo.path;","","      // Set global variable for deleting tmp dir later","      // once the deployment has finished","      Object.assign(gitRepo, repo);","    } else if (isValidRepo === 'no-valid-url') {","      stopDeployment(","        `This URL is neither a valid repository from GitHub, nor from GitLab.`","      );","    } else if (isValidRepo) {","      const gitRef = gitRepo.ref ? `with \"${chalk.bold(gitRepo.ref)}\" ` : '';","      stopDeployment(","        `There's no repository named \"${chalk.bold(gitRepo.main)}\" ${gitRef}on ${gitRepo.type}`","      );","    } else {","      stopDeployment(`Could not read directory ${chalk.bold(path)}`);","    }","  }","","  // Make sure that directory is deployable","  try {","    yield checkPath(path);","  } catch (err) {","    error(err);","    return;","  }","","  if (!quiet) {","    if (gitRepo.main) {","      const gitRef = gitRepo.ref ? ` at \"${chalk.bold(gitRepo.ref)}\" ` : '';","      console.log(","        `> Deploying ${gitRepo.type} repository \"${chalk.bold(gitRepo.main)}\"` +","          gitRef","      );","    } else {","      console.log(`> Deploying ${chalk.bold(toHumanPath(path))}`);","    }","  }","","  let deploymentType;","","  let hasPackage;","  let hasDockerfile;","  let isStatic;","","  if (argv.docker) {","    if (debug) {","      console.log(`> [debug] Forcing \\`deploymentType\\` = \\`docker\\``);","    }","","    deploymentType = 'docker';","  } else if (argv.npm) {","    deploymentType = 'npm';","  } else if (argv.static) {","    if (debug) {","      console.log(`> [debug] Forcing static deployment`);","    }","","    deploymentType = 'npm';","    isStatic = true;","  } else {","    try {","      yield fs.stat(resolve(path, 'package.json'));","    } catch (err) {","      hasPackage = true;","    }","","    [hasPackage, hasDockerfile] = yield Promise.all([","      yield (() => __async(function*(){","        try {","          yield fs.stat(resolve(path, 'package.json'));","        } catch (err) {","          return false;","        }","        return true;","      }()))(),","      yield (() => __async(function*(){","        try {","          yield fs.stat(resolve(path, 'Dockerfile'));","        } catch (err) {","          return false;","        }","        return true;","      }()))()","    ]);","","    if (hasPackage && hasDockerfile) {","      if (debug) {","        console.log('[debug] multiple manifests found, disambiguating');","      }","","      if (isTTY) {","        try {","          console.log(","            `> Two manifests found. Press [${chalk.bold('n')}] to deploy or re-run with --flag`","          );","          deploymentType = yield promptOptions([","            [","              'npm',","              `${chalk.bold('package.json')}\\t${chalk.gray('   --npm')} `","            ],","            [","              'docker',","              `${chalk.bold('Dockerfile')}\\t${chalk.gray('--docker')} `","            ]","          ]);","        } catch (err) {","          error(err.message);","          process.exit(1);","        }","      } else {","        error(","          'Ambiguous deployment (`package.json` and `Dockerfile` found). ' +","            'Please supply `--npm` or `--docker` to disambiguate.'","        );","      }","    } else if (hasPackage) {","      if (debug) {","        console.log(","          '> [debug] `package.json` found, assuming `deploymentType` = `npm`'","        );","      }","","      deploymentType = 'npm';","    } else if (hasDockerfile) {","      if (debug) {","        console.log(","          '> [debug] `Dockerfile` found, assuming `deploymentType` = `docker`'","        );","      }","","      deploymentType = 'docker';","    } else {","      if (debug) {","        console.log(","          '> [debug] No manifest files found, assuming static deployment'","        );","      }","","      isStatic = true;","    }","  }","","  const { nowConfig } = yield readMetaData(path, {","    deploymentType,","    deploymentName,","    isStatic,","    quiet: true","  });","","  const now = new Now(apiUrl, token, { debug });","","  let dotenvConfig;","  let dotenvOption;","","  if (argv.dotenv) {","    dotenvOption = argv.dotenv;","  } else if (nowConfig && nowConfig.dotenv) {","    dotenvOption = nowConfig.dotenv;","  }","","  if (dotenvOption) {","    const dotenvFileName = typeof dotenvOption === 'string'","      ? dotenvOption","      : '.env';","","    if (!fs.existsSync(dotenvFileName)) {","      error(`--dotenv flag is set but ${dotenvFileName} file is missing`);","      return process.exit(1);","    }","","    const dotenvFile = yield fs.readFile(dotenvFileName);","    dotenvConfig = dotenv.parse(dotenvFile);","  }","","  // Merge `now.env` from package.json with `-e` arguments.","  const pkgEnv = nowConfig && nowConfig.env;","  const envs = [","    ...Object.keys(dotenvConfig || {}).map(k => `${k}=${dotenvConfig[k]}`),","    ...Object.keys(pkgEnv || {}).map(k => `${k}=${pkgEnv[k]}`),","    ...[].concat(argv.env || [])","  ];","","  let secrets;","  const findSecret = uidOrName => __async(function*(){","    if (!secrets) {","      secrets = yield now.listSecrets();","    }","","    return secrets.filter(secret => {","      return secret.name === uidOrName || secret.uid === uidOrName;","    });","  }());","","  const env_ = yield Promise.all(","    envs.map(kv => __async(function*(){","      if (typeof kv !== 'string') {","        error('Env key and value missing');","        return process.exit(1);","      }","","      const [key, ...rest] = kv.split('=');","      let val;","","      if (rest.length > 0) {","        val = rest.join('=');","      }","","      if (/[^A-z0-9_]/i.test(key)) {","        error(","          `Invalid ${chalk.dim('-e')} key ${chalk.bold(`\"${chalk.bold(key)}\"`)}. Only letters, digits and underscores are allowed.`","        );","        return process.exit(1);","      }","","      if (!key) {","        error(`Invalid env option ${chalk.bold(`\"${kv}\"`)}`);","        return process.exit(1);","      }","","      if (val === undefined) {","        if (key in process.env) {","          console.log(","            `> Reading ${chalk.bold(`\"${chalk.bold(key)}\"`)} from your env (as no value was specified)`","          );","          // Escape value if it begins with @","          val = process.env[key].replace(/^@/, '\\\\@');","        } else {","          error(","            `No value specified for env ${chalk.bold(`\"${chalk.bold(key)}\"`)} and it was not found in your env.`","          );","          return process.exit(1);","        }","      }","","      if (val[0] === '@') {","        const uidOrName = val.substr(1);","        const secrets = yield findSecret(uidOrName);","        if (secrets.length === 0) {","          if (uidOrName === '') {","            error(","              `Empty reference provided for env key ${chalk.bold(`\"${chalk.bold(key)}\"`)}`","            );","          } else {","            error(","              `No secret found by uid or name ${chalk.bold(`\"${uidOrName}\"`)}`","            );","          }","          return process.exit(1);","        } else if (secrets.length > 1) {","          error(","            `Ambiguous secret ${chalk.bold(`\"${uidOrName}\"`)} (matches ${chalk.bold(secrets.length)} secrets)`","          );","          return process.exit(1);","        }","","        val = { uid: secrets[0].uid };","      }","","      return [key, typeof val === 'string' ? val.replace(/^\\\\@/, '@') : val];","    }()))","  );","","  const env = {};","  env_.filter(v => Boolean(v)).forEach(([key, val]) => {","    if (key in env) {","      console.log(","        `> ${chalk.yellow('NOTE:')} Overriding duplicate env key ${chalk.bold(`\"${key}\"`)}`","      );","    }","","    env[key] = val;","  });","","  try {","    yield now.create(path, {","      env,","      deploymentType,","      deploymentName,","      followSymlinks,","      forceNew,","      forceSync,","      forwardNpm: alwaysForwardNpm || forwardNpm,","      quiet,","      wantsPublic,","      isStatic","    });","  } catch (err) {","    if (debug) {","      console.log(`> [debug] error: ${err}\\n${err.stack}`);","    }","","    handleError(err);","    process.exit(1);","  }","","  const { url } = now;","  const elapsed = ms(new Date() - start);","","  if (isTTY) {","    if (clipboard) {","      try {","        yield copy(url);","        console.log(","          `${chalk.cyan('> Ready!')} ${chalk.bold(url)} (copied to clipboard) [${elapsed}]`","        );","      } catch (err) {","        console.log(","          `${chalk.cyan('> Ready!')} ${chalk.bold(url)} [${elapsed}]`","        );","      }","    } else {","      console.log(`> ${url} [${elapsed}]`);","    }","  } else {","    process.stdout.write(url);","  }","","  const startU = new Date();","","  const complete = () => {","    if (!quiet) {","      const elapsedU = ms(new Date() - startU);","      console.log(`> Sync complete (${bytes(now.syncAmount)}) [${elapsedU}] `);","      console.log('> Initializing…');","    }","","    // Close http2 agent","    now.close();","","    // Show build logs","    printLogs(now.host, token);","  };","","  const plan = yield planPromise;","","  if (plan.id === 'oss') {","    info(","      `You are on the OSS plan. Your code will be made ${chalk.bold('public')}.`","    );","","    let proceed;","    try {","      const label = 'Are you sure you want to proceed with the deployment?';","      proceed = yield promptBool(label, { trailing: eraseLines(2) });","    } catch (err) {","      if (err.message === 'USER_ABORT') {","        proceed = false;","      } else {","        throw err;","      }","    }","","    if (!proceed) {","      const stopSpinner = wait('Canceling deployment');","      now.remove(now.id, { hard: true });","      stopSpinner();","      info('Deployment aborted. No files were synced.');","      info(`You can upgrade by running ${cmd('now upgrade')}.`);","      return exit();","    }","  }","","  if (now.syncAmount) {","    const bar = new Progress('> Upload [:bar] :percent :etas', {","      width: 20,","      complete: '=',","      incomplete: '',","      total: now.syncAmount","    });","","    now.upload();","","    now.on('upload', ({ names, data }) => {","      const amount = data.length;","      if (debug) {","        console.log(","          `> [debug] Uploaded: ${names.join(' ')} (${bytes(data.length)})`","        );","      }","      bar.tick(amount);","    });","","    now.on('complete', complete);","","    now.on('error', err => {","      error('Upload failed');","      handleError(err);","      process.exit(1);","    });","  } else {","    if (!quiet) {","      console.log(`> Initializing…`);","    }","","    // Close http2 agent","    now.close();","","    // Show build logs","    printLogs(now.host, token);","  }","}())}","","function printLogs(host, token) {","  // Log build","  const logger = new Logger(host, token, { debug, quiet });","","  logger.on('error', err => __async(function*(){","    if (!quiet) {","      if (err && err.type === 'BUILD_ERROR') {","        error(","          `The build step of your project failed. To retry, run ${cmd('now --force')}.`","        );","      } else {","        error('Deployment failed');","      }","    }","","    if (gitRepo && gitRepo.cleanup) {","      // Delete temporary directory that contains repository","      gitRepo.cleanup();","","      if (debug) {","        console.log(`> [debug] Removed temporary repo directory`);","      }","    }","    process.exit(1);","  }()));","","  logger.on('close', () => __async(function*(){","    if (Array.isArray(autoAliases)) {","      const aliasList = autoAliases.filter(item => item !== '');","","      if (aliasList.length > 0) {","        const assignments = [];","","        for (const alias of aliasList) {","          assignments.push(assignAlias(alias, token, host, apiUrl, debug));","        }","","        yield Promise.all(assignments);","      } else {","        yield reAlias(token, host, help, exit, apiUrl, debug);","      }","    }","","    if (!quiet) {","      console.log(`${chalk.cyan('> Deployment complete!')}`);","    }","","    if (gitRepo && gitRepo.cleanup) {","      // Delete temporary directory that contains repository","      gitRepo.cleanup();","","      if (debug) {","        console.log(`> [debug] Removed temporary repo directory`);","      }","    }","","    process.exit(0);","  }()));","}","","function __async(g){return new Promise(function(s,j){function c(a,x){try{var r=g[x?\"throw\":\"next\"](a)}catch(e){j(e);return}r.done?s(r.value):Promise.resolve(r.value).then(c,d)}function d(e){c(e,1)}c()})}",""],"l":{"4":2,"7":2,"8":2,"9":2,"10":2,"11":2,"12":2,"13":2,"14":2,"15":2,"18":2,"19":2,"20":0,"21":0,"22":0,"23":0,"24":0,"25":0,"26":0,"27":0,"28":0,"29":0,"30":0,"31":0,"32":0,"33":0,"34":0,"35":0,"36":0,"37":0,"39":0,"74":0,"75":0,"151":0,"153":0,"156":0,"158":0,"162":0,"165":0,"166":0,"167":0,"168":0,"169":0,"170":0,"171":0,"172":0,"173":0,"174":0,"175":0,"176":0,"177":0,"181":0,"182":0,"185":0,"186":0,"189":0,"196":0,"197":0,"200":0,"201":0,"203":0,"204":0,"205":0,"206":0,"207":0,"208":0,"209":0,"210":0,"212":0,"213":0,"214":0,"216":0,"217":0,"218":0,"223":0,"224":0,"227":0,"228":0,"229":0,"233":1,"234":0,"235":0,"237":0,"239":0,"240":0,"241":0,"244":0,"246":0,"247":0,"249":0,"251":0,"252":0,"253":0,"255":0,"257":0,"264":0,"265":0,"268":0,"271":0,"273":0,"277":0,"278":0,"279":0,"282":0,"283":0,"284":0,"288":0,"293":0,"294":0,"296":0,"297":0,"300":0,"301":0,"302":0,"303":0,"308":0,"312":0,"314":0,"315":0,"316":0,"318":0,"319":0,"320":0,"323":0,"324":0,"325":0,"326":0,"327":0,"328":0,"331":0,"332":0,"334":0,"335":0,"337":0,"340":0,"341":0,"342":0,"343":0,"345":0,"347":0,"349":0,"350":0,"351":0,"353":0,"355":0,"359":0,"360":0,"361":0,"364":0,"365":0,"366":0,"369":0,"380":0,"381":0,"384":0,"389":0,"390":0,"391":0,"396":0,"397":0,"398":0,"399":0,"404":0,"406":0,"407":0,"412":0,"416":0,"423":0,"425":0,"426":0,"428":0,"429":0,"430":0,"431":0,"434":0,"435":0,"439":0,"440":0,"441":0,"444":0,"445":0,"449":0,"450":0,"451":0,"452":0,"456":0,"457":0,"458":0,"459":0,"462":0,"463":0,"467":0,"468":0,"469":0,"470":0,"471":0,"474":0,"475":0,"477":0,"478":0,"481":0,"482":0,"485":0,"488":0,"489":0,"490":0,"493":0,"494":0,"495":0,"499":0,"501":0,"504":0,"508":0,"509":0,"510":0,"511":0,"512":0,"513":0,"517":0,"521":0,"522":0,"523":0,"526":0,"529":0,"532":0,"536":0,"537":0,"538":0,"539":0,"544":0,"547":0,"548":0,"561":0,"562":0,"565":0,"566":0,"569":0,"570":0,"572":0,"573":0,"574":0,"575":0,"576":0,"580":0,"585":0,"588":0,"591":0,"593":0,"594":0,"595":0,"596":0,"597":0,"601":0,"604":0,"607":0,"609":0,"610":0,"614":0,"615":0,"616":0,"617":0,"619":0,"620":0,"622":0,"626":0,"627":0,"628":0,"629":0,"630":0,"631":0,"632":0,"636":0,"637":0,"644":0,"646":0,"647":0,"648":0,"649":0,"653":0,"656":0,"658":0,"659":0,"660":0,"661":0,"664":0,"665":0,"669":0,"672":0,"676":1,"678":0,"680":0,"681":0,"682":0,"683":0,"687":0,"691":0,"693":0,"695":0,"696":0,"699":0,"702":0,"703":0,"704":0,"706":0,"707":0,"709":0,"710":0,"713":0,"715":0,"719":0,"720":0,"723":0,"725":0,"727":0,"728":0,"732":0,"736":1}},"/home/travis/build/npmtest/node-npmtest-now/node_modules/now/build/lib/copy.js":{"path":"/home/travis/build/npmtest/node-npmtest-now/node_modules/now/build/lib/copy.js","s":{"1":1,"2":1,"3":0,"4":0,"5":0,"6":0,"7":0,"8":1},"b":{"1":[0,0]},"f":{"1":0},"fnMap":{"1":{"name":"copy","line":4,"loc":{"start":{"line":4,"column":0},"end":{"line":4,"column":20}}}},"statementMap":{"1":{"start":{"line":2,"column":0},"end":{"line":2,"column":46}},"2":{"start":{"line":4,"column":0},"end":{"line":14,"column":1}},"3":{"start":{"line":5,"column":2},"end":{"line":13,"column":5}},"4":{"start":{"line":6,"column":4},"end":{"line":12,"column":7}},"5":{"start":{"line":7,"column":6},"end":{"line":9,"column":7}},"6":{"start":{"line":8,"column":8},"end":{"line":8,"column":27}},"7":{"start":{"line":11,"column":6},"end":{"line":11,"column":16}},"8":{"start":{"line":16,"column":0},"end":{"line":16,"column":22}}},"branchMap":{"1":{"line":7,"type":"if","locations":[{"start":{"line":7,"column":6},"end":{"line":7,"column":6}},{"start":{"line":7,"column":6},"end":{"line":7,"column":6}}]}},"code":["// Packages","const { copy: _copy } = require('copy-paste');","","function copy(text) {","  return new Promise((resolve, reject) => {","    _copy(text, err => {","      if (err) {","        return reject(err);","      }","","      resolve();","    });","  });","}","","module.exports = copy;",""],"l":{"2":1,"4":1,"5":0,"6":0,"7":0,"8":0,"11":0,"16":1}}}